\BOOKMARK [0][-]{chapter.1}{Abstract}{}% 1
\BOOKMARK [0][-]{chapter.2}{1\040Introduction}{}% 2
\BOOKMARK [0][-]{chapter.3}{2\040Fabrication\040and\040Microstructure}{}% 3
\BOOKMARK [1][-]{section.3.1}{2.1\040F82H\040Fabrication}{chapter.3}% 4
\BOOKMARK [1][-]{section.3.2}{2.2\040F82H\040Microstructure}{chapter.3}% 5
\BOOKMARK [0][-]{chapter.4}{3\040Thermophysical\040Properties}{}% 6
\BOOKMARK [1][-]{section.4.1}{3.1\040Coefficient\040of\040Thermal\040Expansion}{chapter.4}% 7
\BOOKMARK [1][-]{section.4.2}{3.2\040Specific\040Heat}{chapter.4}% 8
\BOOKMARK [1][-]{section.4.3}{3.3\040Thermal\040Conductivity}{chapter.4}% 9
\BOOKMARK [1][-]{section.4.4}{3.4\040Thermal\040Diffusivity}{chapter.4}% 10
\BOOKMARK [1][-]{section.4.5}{3.5\040Electrical\040Resistivity}{chapter.4}% 11
\BOOKMARK [1][-]{section.4.6}{3.6\040Thermal\040Emissivity}{chapter.4}% 12
\BOOKMARK [0][-]{chapter.5}{4\040Mechanical\040Properties}{}% 13
\BOOKMARK [1][-]{section.5.1}{4.1\040Elastic\040Properties}{chapter.5}% 14
\BOOKMARK [1][-]{section.5.2}{4.2\040Strength\040Properties}{chapter.5}% 15
\BOOKMARK [2][-]{subsection.5.2.1}{4.2.1\040Yield\040Strength}{section.5.2}% 16
\BOOKMARK [2][-]{subsection.5.2.2}{4.2.2\040Ultimate\040Strength}{section.5.2}% 17
\BOOKMARK [2][-]{subsection.5.2.3}{4.2.3\040Uniform\040Elongation}{section.5.2}% 18
\BOOKMARK [2][-]{subsection.5.2.4}{4.2.4\040Total\040Elongation}{section.5.2}% 19
\BOOKMARK [1][-]{section.5.3}{4.3\040Stress-Strain\040Properties}{chapter.5}% 20
\BOOKMARK [2][-]{subsection.5.3.1}{4.3.1\040Stress-Strain\040Curves\040Linear\040Hardening}{section.5.3}% 21
\BOOKMARK [2][-]{subsection.5.3.2}{4.3.2\040Tangent\040Modulus\040Linear\040Hardening}{section.5.3}% 22
\BOOKMARK [2][-]{subsection.5.3.3}{4.3.3\040Strain\040Hardening\040Exponent\040for\040Ramberg-Osgood}{section.5.3}% 23
\BOOKMARK [2][-]{subsection.5.3.4}{4.3.4\040Strength\040Coefficient\040for\040Ramberg-Osgood}{section.5.3}% 24
\BOOKMARK [2][-]{subsection.5.3.5}{4.3.5\040Ramberg-Osgood\040Stress-Strain\040Curves}{section.5.3}% 25
\BOOKMARK [1][-]{section.5.4}{4.8\040Creep\040Properties}{chapter.5}% 26
\BOOKMARK [2][-]{subsection.5.4.1}{4.4.1\040Deformation\040Mechanisms}{section.5.4}% 27
\BOOKMARK [2][-]{subsection.5.4.2}{4.4.2\040Creep\040Strain\040Rate\040for\040HT-9}{section.5.4}% 28
\BOOKMARK [2][-]{subsection.5.4.3}{4.4.3\040Creep\040Strain\040Rate\040for\040T91}{section.5.4}% 29
\BOOKMARK [2][-]{subsection.5.4.4}{4.4.4\040Creep\040Strain\040Rate\040for\040F82H}{section.5.4}% 30
\BOOKMARK [1][-]{section.5.5}{4.5\040Fatigue\040Properties}{chapter.5}% 31
\BOOKMARK [1][-]{section.5.6}{4.6\040Fracture\040Properties}{chapter.5}% 32
\BOOKMARK [1][-]{section.5.7}{4.7\040Hardness}{chapter.5}% 33
\BOOKMARK [0][-]{chapter.6}{5\040Radiation\040Effects\040on\040Mechanical\040Properties}{}% 34
\BOOKMARK [1][-]{section.6.1}{5.1\040Strength}{chapter.6}% 35
\BOOKMARK [2][-]{subsection.6.1.1}{5.1.1\040Yield\040Strength}{section.6.1}% 36
\BOOKMARK [2][-]{subsection.6.1.2}{5.1.2\040Ultimate\040Strength\040and\040Tangent\040Modulus}{section.6.1}% 37
\BOOKMARK [1][-]{section.6.2}{5.2\040Ductility}{chapter.6}% 38
\BOOKMARK [2][-]{subsection.6.2.1}{5.2.1\040Total\040Elongation}{section.6.2}% 39
\BOOKMARK [2][-]{subsection.6.2.2}{5.2.2\040Uniform\040Elongation}{section.6.2}% 40
\BOOKMARK [1][-]{section.6.3}{5.3\040Stress-Strain\040Relationship}{chapter.6}% 41
\BOOKMARK [1][-]{section.6.4}{5.4\040Volumetric\040Swelling}{chapter.6}% 42
\BOOKMARK [1][-]{section.6.5}{5.5\040Fracture\040Properties}{chapter.6}% 43
\BOOKMARK [2][-]{subsection.6.5.1}{5.5.1\040Ductile-Brittle\040Transition\040DBTT}{section.6.5}% 44
\BOOKMARK [2][-]{subsection.6.5.2}{5.5.2\040Fracture\040Toughness}{section.6.5}% 45
\BOOKMARK [1][-]{section.6.6}{5.6\040Irradiation\040Creep}{chapter.6}% 46
\BOOKMARK [1][-]{section.6.7}{5.7\040Fatigue\040Properties}{chapter.6}% 47
