This is XeTeX, Version 3.141592653-2.6-0.999996 (MiKTeX 24.4) (preloaded format=xelatex 2024.6.23)  15 DEC 2024 21:51
entering extended mode
 restricted \write18 enabled.
 %&-line parsing enabled.
**./book.tex
(book.tex
LaTeX2e <2024-06-01> patch level 1
L3 programming layer <2024-05-27>
(jupyterBook.cls
Document Class: jupyterBook 2020/11/06
(C:\Users\indro\AppData\Local\Programs\MiKTeX\tex/latex/xcolor\xcolor.sty
Package: xcolor 2023/11/15 v3.01 LaTeX color extensions (UK)

(C:\Users\indro\AppData\Local\Programs\MiKTeX\tex/latex/graphics-cfg\color.cfg
File: color.cfg 2016/01/02 v1.6 sample color configuration
)
Package xcolor Info: Driver file: xetex.def on input line 274.
(C:\Users\indro\AppData\Local\Programs\MiKTeX\tex/latex/graphics-def\xetex.def
File: xetex.def 2022/09/22 v5.0n Graphics/color driver for xetex
) (C:\Users\indro\AppData\Local\Programs\MiKTeX\tex/latex/graphics\mathcolor.lt
x)
Package xcolor Info: Model `cmy' substituted by `cmy0' on input line 1350.
Package xcolor Info: Model `RGB' extended on input line 1366.
Package xcolor Info: Model `HTML' substituted by `rgb' on input line 1368.
Package xcolor Info: Model `Hsb' substituted by `hsb' on input line 1369.
Package xcolor Info: Model `tHsb' substituted by `hsb' on input line 1370.
Package xcolor Info: Model `HSB' substituted by `hsb' on input line 1371.
Package xcolor Info: Model `Gray' substituted by `gray' on input line 1372.
Package xcolor Info: Model `wave' substituted by `hsb' on input line 1373.
) (C:\Users\indro\AppData\Local\Programs\MiKTeX\tex/latex/base\inputenc.sty
Package: inputenc 2024/02/08 v1.3d Input encoding file
\inpenc@prehook=\toks17
\inpenc@posthook=\toks18


Package inputenc Warning: inputenc package ignored with utf8 based engines.

) (C:\Users\indro\AppData\Local\Programs\MiKTeX\tex/latex/graphics\graphicx.sty
Package: graphicx 2021/09/16 v1.2d Enhanced LaTeX Graphics (DPC,SPQR)
(C:\Users\indro\AppData\Local\Programs\MiKTeX\tex/latex/graphics\keyval.sty
Package: keyval 2022/05/29 v1.15 key=value parser (DPC)
\KV@toks@=\toks19
)
(C:\Users\indro\AppData\Local\Programs\MiKTeX\tex/latex/graphics\graphics.sty
Package: graphics 2024/05/23 v1.4g Standard LaTeX Graphics (DPC,SPQR)

(C:\Users\indro\AppData\Local\Programs\MiKTeX\tex/latex/graphics\trig.sty
Package: trig 2023/12/02 v1.11 sin cos tan (DPC)
)
(C:\Users\indro\AppData\Local\Programs\MiKTeX\tex/latex/graphics-cfg\graphics.c
fg
File: graphics.cfg 2016/06/04 v1.11 sample graphics configuration
)
Package graphics Info: Driver file: xetex.def on input line 106.
)
\Gin@req@height=\dimen141
\Gin@req@width=\dimen142
)
(C:\Users\indro\AppData\Local\Programs\MiKTeX\tex/latex/amsmath\amsmath.sty
Package: amsmath 2024/05/23 v2.17q AMS math features
\@mathmargin=\skip49

For additional information on amsmath, use the `?' option.
(C:\Users\indro\AppData\Local\Programs\MiKTeX\tex/latex/amsmath\amstext.sty
Package: amstext 2021/08/26 v2.01 AMS text

(C:\Users\indro\AppData\Local\Programs\MiKTeX\tex/latex/amsmath\amsgen.sty
File: amsgen.sty 1999/11/30 v2.0 generic functions
\@emptytoks=\toks20
\ex@=\dimen143
))
(C:\Users\indro\AppData\Local\Programs\MiKTeX\tex/latex/amsmath\amsbsy.sty
Package: amsbsy 1999/11/29 v1.2d Bold Symbols
\pmbraise@=\dimen144
)
(C:\Users\indro\AppData\Local\Programs\MiKTeX\tex/latex/amsmath\amsopn.sty
Package: amsopn 2022/04/08 v2.04 operator names
)
\inf@bad=\count190
LaTeX Info: Redefining \frac on input line 233.
\uproot@=\count191
\leftroot@=\count192
LaTeX Info: Redefining \overline on input line 398.
LaTeX Info: Redefining \colon on input line 409.
\classnum@=\count193
\DOTSCASE@=\count194
LaTeX Info: Redefining \ldots on input line 495.
LaTeX Info: Redefining \dots on input line 498.
LaTeX Info: Redefining \cdots on input line 619.
\Mathstrutbox@=\box52
\strutbox@=\box53
LaTeX Info: Redefining \big on input line 721.
LaTeX Info: Redefining \Big on input line 722.
LaTeX Info: Redefining \bigg on input line 723.
LaTeX Info: Redefining \Bigg on input line 724.
\big@size=\dimen145
LaTeX Font Info:    Redeclaring font encoding OML on input line 742.
LaTeX Font Info:    Redeclaring font encoding OMS on input line 743.
\macc@depth=\count195
LaTeX Info: Redefining \bmod on input line 904.
LaTeX Info: Redefining \pmod on input line 909.
LaTeX Info: Redefining \smash on input line 939.
LaTeX Info: Redefining \relbar on input line 969.
LaTeX Info: Redefining \Relbar on input line 970.
\c@MaxMatrixCols=\count196
\dotsspace@=\muskip17
\c@parentequation=\count197
\dspbrk@lvl=\count198
\tag@help=\toks21
\row@=\count199
\column@=\count266
\maxfields@=\count267
\andhelp@=\toks22
\eqnshift@=\dimen146
\alignsep@=\dimen147
\tagshift@=\dimen148
\tagwidth@=\dimen149
\totwidth@=\dimen150
\lineht@=\dimen151
\@envbody=\toks23
\multlinegap=\skip50
\multlinetaggap=\skip51
\mathdisplay@stack=\toks24
LaTeX Info: Redefining \[ on input line 2953.
LaTeX Info: Redefining \] on input line 2954.
)
(C:\Users\indro\AppData\Local\Programs\MiKTeX\tex/latex/amsfonts\amssymb.sty
Package: amssymb 2013/01/14 v3.01 AMS font symbols

(C:\Users\indro\AppData\Local\Programs\MiKTeX\tex/latex/amsfonts\amsfonts.sty
Package: amsfonts 2013/01/14 v3.01 Basic AMSFonts support
\symAMSa=\mathgroup4
\symAMSb=\mathgroup5
LaTeX Font Info:    Redeclaring math symbol \hbar on input line 98.
LaTeX Font Info:    Overwriting math alphabet `\mathfrak' in version `bold'
(Font)                  U/euf/m/n --> U/euf/b/n on input line 106.
)) (C:\Users\indro\AppData\Local\Programs\MiKTeX\tex/latex/amsmath\amscd.sty
Package: amscd 2017/04/14 v2.1 AMS Commutative Diagrams
\athelp@=\toks25
\minaw@=\dimen152
\bigaw@=\dimen153
\minCDarrowwidth=\dimen154
)
(C:\Users\indro\AppData\Local\Programs\MiKTeX\tex/latex/jknappen\mathrsfs.sty
Package: mathrsfs 1996/01/01 Math RSFS package v1.0 (jk)
\symrsfs=\mathgroup6
)
(C:\Users\indro\AppData\Local\Programs\MiKTeX\tex/latex/pgf/frontendlayer\tikz.
sty
(C:\Users\indro\AppData\Local\Programs\MiKTeX\tex/latex/pgf/basiclayer\pgf.sty
(C:\Users\indro\AppData\Local\Programs\MiKTeX\tex/latex/pgf/utilities\pgfrcs.st
y
(C:\Users\indro\AppData\Local\Programs\MiKTeX\tex/generic/pgf/utilities\pgfutil
-common.tex
\pgfutil@everybye=\toks26
\pgfutil@tempdima=\dimen155
\pgfutil@tempdimb=\dimen156
)
(C:\Users\indro\AppData\Local\Programs\MiKTeX\tex/generic/pgf/utilities\pgfutil
-latex.def
\pgfutil@abb=\box54
)
(C:\Users\indro\AppData\Local\Programs\MiKTeX\tex/generic/pgf/utilities\pgfrcs.
code.tex
(C:\Users\indro\AppData\Local\Programs\MiKTeX\tex/generic/pgf\pgf.revision.tex)
Package: pgfrcs 2023-01-15 v3.1.10 (3.1.10)
))
Package: pgf 2023-01-15 v3.1.10 (3.1.10)

(C:\Users\indro\AppData\Local\Programs\MiKTeX\tex/latex/pgf/basiclayer\pgfcore.
sty
(C:\Users\indro\AppData\Local\Programs\MiKTeX\tex/latex/pgf/systemlayer\pgfsys.
sty
(C:\Users\indro\AppData\Local\Programs\MiKTeX\tex/generic/pgf/systemlayer\pgfsy
s.code.tex
Package: pgfsys 2023-01-15 v3.1.10 (3.1.10)

(C:\Users\indro\AppData\Local\Programs\MiKTeX\tex/generic/pgf/utilities\pgfkeys
.code.tex
\pgfkeys@pathtoks=\toks27
\pgfkeys@temptoks=\toks28

(C:\Users\indro\AppData\Local\Programs\MiKTeX\tex/generic/pgf/utilities\pgfkeys
libraryfiltered.code.tex
\pgfkeys@tmptoks=\toks29
))
\pgf@x=\dimen157
\pgf@y=\dimen158
\pgf@xa=\dimen159
\pgf@ya=\dimen160
\pgf@xb=\dimen161
\pgf@yb=\dimen162
\pgf@xc=\dimen163
\pgf@yc=\dimen164
\pgf@xd=\dimen165
\pgf@yd=\dimen166
\w@pgf@writea=\write3
\r@pgf@reada=\read2
\c@pgf@counta=\count268
\c@pgf@countb=\count269
\c@pgf@countc=\count270
\c@pgf@countd=\count271
\t@pgf@toka=\toks30
\t@pgf@tokb=\toks31
\t@pgf@tokc=\toks32
\pgf@sys@id@count=\count272

(C:\Users\indro\AppData\Local\Programs\MiKTeX\tex/generic/pgf/systemlayer\pgf.c
fg
File: pgf.cfg 2023-01-15 v3.1.10 (3.1.10)
)
Driver file for pgf: pgfsys-xetex.def

(C:\Users\indro\AppData\Local\Programs\MiKTeX\tex/generic/pgf/systemlayer\pgfsy
s-xetex.def
File: pgfsys-xetex.def 2023-01-15 v3.1.10 (3.1.10)

(C:\Users\indro\AppData\Local\Programs\MiKTeX\tex/generic/pgf/systemlayer\pgfsy
s-dvipdfmx.def
File: pgfsys-dvipdfmx.def 2023-01-15 v3.1.10 (3.1.10)

(C:\Users\indro\AppData\Local\Programs\MiKTeX\tex/generic/pgf/systemlayer\pgfsy
s-common-pdf.def
File: pgfsys-common-pdf.def 2023-01-15 v3.1.10 (3.1.10)
)
\pgfsys@objnum=\count273
)))
(C:\Users\indro\AppData\Local\Programs\MiKTeX\tex/generic/pgf/systemlayer\pgfsy
ssoftpath.code.tex
File: pgfsyssoftpath.code.tex 2023-01-15 v3.1.10 (3.1.10)
\pgfsyssoftpath@smallbuffer@items=\count274
\pgfsyssoftpath@bigbuffer@items=\count275
)
(C:\Users\indro\AppData\Local\Programs\MiKTeX\tex/generic/pgf/systemlayer\pgfsy
sprotocol.code.tex
File: pgfsysprotocol.code.tex 2023-01-15 v3.1.10 (3.1.10)
))
(C:\Users\indro\AppData\Local\Programs\MiKTeX\tex/generic/pgf/basiclayer\pgfcor
e.code.tex
Package: pgfcore 2023-01-15 v3.1.10 (3.1.10)

(C:\Users\indro\AppData\Local\Programs\MiKTeX\tex/generic/pgf/math\pgfmath.code
.tex
(C:\Users\indro\AppData\Local\Programs\MiKTeX\tex/generic/pgf/math\pgfmathutil.
code.tex)
(C:\Users\indro\AppData\Local\Programs\MiKTeX\tex/generic/pgf/math\pgfmathparse
r.code.tex
\pgfmath@dimen=\dimen167
\pgfmath@count=\count276
\pgfmath@box=\box55
\pgfmath@toks=\toks33
\pgfmath@stack@operand=\toks34
\pgfmath@stack@operation=\toks35
)
(C:\Users\indro\AppData\Local\Programs\MiKTeX\tex/generic/pgf/math\pgfmathfunct
ions.code.tex)
(C:\Users\indro\AppData\Local\Programs\MiKTeX\tex/generic/pgf/math\pgfmathfunct
ions.basic.code.tex)
(C:\Users\indro\AppData\Local\Programs\MiKTeX\tex/generic/pgf/math\pgfmathfunct
ions.trigonometric.code.tex)
(C:\Users\indro\AppData\Local\Programs\MiKTeX\tex/generic/pgf/math\pgfmathfunct
ions.random.code.tex)
(C:\Users\indro\AppData\Local\Programs\MiKTeX\tex/generic/pgf/math\pgfmathfunct
ions.comparison.code.tex)
(C:\Users\indro\AppData\Local\Programs\MiKTeX\tex/generic/pgf/math\pgfmathfunct
ions.base.code.tex)
(C:\Users\indro\AppData\Local\Programs\MiKTeX\tex/generic/pgf/math\pgfmathfunct
ions.round.code.tex)
(C:\Users\indro\AppData\Local\Programs\MiKTeX\tex/generic/pgf/math\pgfmathfunct
ions.misc.code.tex)
(C:\Users\indro\AppData\Local\Programs\MiKTeX\tex/generic/pgf/math\pgfmathfunct
ions.integerarithmetics.code.tex)
(C:\Users\indro\AppData\Local\Programs\MiKTeX\tex/generic/pgf/math\pgfmathcalc.
code.tex)
(C:\Users\indro\AppData\Local\Programs\MiKTeX\tex/generic/pgf/math\pgfmathfloat
.code.tex
\c@pgfmathroundto@lastzeros=\count277
))
(C:\Users\indro\AppData\Local\Programs\MiKTeX\tex/generic/pgf/math\pgfint.code.
tex)
(C:\Users\indro\AppData\Local\Programs\MiKTeX\tex/generic/pgf/basiclayer\pgfcor
epoints.code.tex
File: pgfcorepoints.code.tex 2023-01-15 v3.1.10 (3.1.10)
\pgf@picminx=\dimen168
\pgf@picmaxx=\dimen169
\pgf@picminy=\dimen170
\pgf@picmaxy=\dimen171
\pgf@pathminx=\dimen172
\pgf@pathmaxx=\dimen173
\pgf@pathminy=\dimen174
\pgf@pathmaxy=\dimen175
\pgf@xx=\dimen176
\pgf@xy=\dimen177
\pgf@yx=\dimen178
\pgf@yy=\dimen179
\pgf@zx=\dimen180
\pgf@zy=\dimen181
)
(C:\Users\indro\AppData\Local\Programs\MiKTeX\tex/generic/pgf/basiclayer\pgfcor
epathconstruct.code.tex
File: pgfcorepathconstruct.code.tex 2023-01-15 v3.1.10 (3.1.10)
\pgf@path@lastx=\dimen182
\pgf@path@lasty=\dimen183
)
(C:\Users\indro\AppData\Local\Programs\MiKTeX\tex/generic/pgf/basiclayer\pgfcor
epathusage.code.tex
File: pgfcorepathusage.code.tex 2023-01-15 v3.1.10 (3.1.10)
\pgf@shorten@end@additional=\dimen184
\pgf@shorten@start@additional=\dimen185
)
(C:\Users\indro\AppData\Local\Programs\MiKTeX\tex/generic/pgf/basiclayer\pgfcor
escopes.code.tex
File: pgfcorescopes.code.tex 2023-01-15 v3.1.10 (3.1.10)
\pgfpic=\box56
\pgf@hbox=\box57
\pgf@layerbox@main=\box58
\pgf@picture@serial@count=\count278
)
(C:\Users\indro\AppData\Local\Programs\MiKTeX\tex/generic/pgf/basiclayer\pgfcor
egraphicstate.code.tex
File: pgfcoregraphicstate.code.tex 2023-01-15 v3.1.10 (3.1.10)
\pgflinewidth=\dimen186
)
(C:\Users\indro\AppData\Local\Programs\MiKTeX\tex/generic/pgf/basiclayer\pgfcor
etransformations.code.tex
File: pgfcoretransformations.code.tex 2023-01-15 v3.1.10 (3.1.10)
\pgf@pt@x=\dimen187
\pgf@pt@y=\dimen188
\pgf@pt@temp=\dimen189
)
(C:\Users\indro\AppData\Local\Programs\MiKTeX\tex/generic/pgf/basiclayer\pgfcor
equick.code.tex
File: pgfcorequick.code.tex 2023-01-15 v3.1.10 (3.1.10)
)
(C:\Users\indro\AppData\Local\Programs\MiKTeX\tex/generic/pgf/basiclayer\pgfcor
eobjects.code.tex
File: pgfcoreobjects.code.tex 2023-01-15 v3.1.10 (3.1.10)
)
(C:\Users\indro\AppData\Local\Programs\MiKTeX\tex/generic/pgf/basiclayer\pgfcor
epathprocessing.code.tex
File: pgfcorepathprocessing.code.tex 2023-01-15 v3.1.10 (3.1.10)
)
(C:\Users\indro\AppData\Local\Programs\MiKTeX\tex/generic/pgf/basiclayer\pgfcor
earrows.code.tex
File: pgfcorearrows.code.tex 2023-01-15 v3.1.10 (3.1.10)
\pgfarrowsep=\dimen190
)
(C:\Users\indro\AppData\Local\Programs\MiKTeX\tex/generic/pgf/basiclayer\pgfcor
eshade.code.tex
File: pgfcoreshade.code.tex 2023-01-15 v3.1.10 (3.1.10)
\pgf@max=\dimen191
\pgf@sys@shading@range@num=\count279
\pgf@shadingcount=\count280
)
(C:\Users\indro\AppData\Local\Programs\MiKTeX\tex/generic/pgf/basiclayer\pgfcor
eimage.code.tex
File: pgfcoreimage.code.tex 2023-01-15 v3.1.10 (3.1.10)
)
(C:\Users\indro\AppData\Local\Programs\MiKTeX\tex/generic/pgf/basiclayer\pgfcor
eexternal.code.tex
File: pgfcoreexternal.code.tex 2023-01-15 v3.1.10 (3.1.10)
\pgfexternal@startupbox=\box59
)
(C:\Users\indro\AppData\Local\Programs\MiKTeX\tex/generic/pgf/basiclayer\pgfcor
elayers.code.tex
File: pgfcorelayers.code.tex 2023-01-15 v3.1.10 (3.1.10)
)
(C:\Users\indro\AppData\Local\Programs\MiKTeX\tex/generic/pgf/basiclayer\pgfcor
etransparency.code.tex
File: pgfcoretransparency.code.tex 2023-01-15 v3.1.10 (3.1.10)
)
(C:\Users\indro\AppData\Local\Programs\MiKTeX\tex/generic/pgf/basiclayer\pgfcor
epatterns.code.tex
File: pgfcorepatterns.code.tex 2023-01-15 v3.1.10 (3.1.10)
)
(C:\Users\indro\AppData\Local\Programs\MiKTeX\tex/generic/pgf/basiclayer\pgfcor
erdf.code.tex
File: pgfcorerdf.code.tex 2023-01-15 v3.1.10 (3.1.10)
)))
(C:\Users\indro\AppData\Local\Programs\MiKTeX\tex/generic/pgf/modules\pgfmodule
shapes.code.tex
File: pgfmoduleshapes.code.tex 2023-01-15 v3.1.10 (3.1.10)
\pgfnodeparttextbox=\box60
)
(C:\Users\indro\AppData\Local\Programs\MiKTeX\tex/generic/pgf/modules\pgfmodule
plot.code.tex
File: pgfmoduleplot.code.tex 2023-01-15 v3.1.10 (3.1.10)
)
(C:\Users\indro\AppData\Local\Programs\MiKTeX\tex/latex/pgf/compatibility\pgfco
mp-version-0-65.sty
Package: pgfcomp-version-0-65 2023-01-15 v3.1.10 (3.1.10)
\pgf@nodesepstart=\dimen192
\pgf@nodesepend=\dimen193
)
(C:\Users\indro\AppData\Local\Programs\MiKTeX\tex/latex/pgf/compatibility\pgfco
mp-version-1-18.sty
Package: pgfcomp-version-1-18 2023-01-15 v3.1.10 (3.1.10)
))
(C:\Users\indro\AppData\Local\Programs\MiKTeX\tex/latex/pgf/utilities\pgffor.st
y
(C:\Users\indro\AppData\Local\Programs\MiKTeX\tex/latex/pgf/utilities\pgfkeys.s
ty
(C:\Users\indro\AppData\Local\Programs\MiKTeX\tex/generic/pgf/utilities\pgfkeys
.code.tex))
(C:\Users\indro\AppData\Local\Programs\MiKTeX\tex/latex/pgf/math\pgfmath.sty
(C:\Users\indro\AppData\Local\Programs\MiKTeX\tex/generic/pgf/math\pgfmath.code
.tex))
(C:\Users\indro\AppData\Local\Programs\MiKTeX\tex/generic/pgf/utilities\pgffor.
code.tex
Package: pgffor 2023-01-15 v3.1.10 (3.1.10)
\pgffor@iter=\dimen194
\pgffor@skip=\dimen195
\pgffor@stack=\toks36
\pgffor@toks=\toks37
))
(C:\Users\indro\AppData\Local\Programs\MiKTeX\tex/generic/pgf/frontendlayer/tik
z\tikz.code.tex
Package: tikz 2023-01-15 v3.1.10 (3.1.10)

(C:\Users\indro\AppData\Local\Programs\MiKTeX\tex/generic/pgf/libraries\pgflibr
aryplothandlers.code.tex
File: pgflibraryplothandlers.code.tex 2023-01-15 v3.1.10 (3.1.10)
\pgf@plot@mark@count=\count281
\pgfplotmarksize=\dimen196
)
\tikz@lastx=\dimen197
\tikz@lasty=\dimen198
\tikz@lastxsaved=\dimen199
\tikz@lastysaved=\dimen256
\tikz@lastmovetox=\dimen257
\tikz@lastmovetoy=\dimen258
\tikzleveldistance=\dimen259
\tikzsiblingdistance=\dimen260
\tikz@figbox=\box61
\tikz@figbox@bg=\box62
\tikz@tempbox=\box63
\tikz@tempbox@bg=\box64
\tikztreelevel=\count282
\tikznumberofchildren=\count283
\tikznumberofcurrentchild=\count284
\tikz@fig@count=\count285

(C:\Users\indro\AppData\Local\Programs\MiKTeX\tex/generic/pgf/modules\pgfmodule
matrix.code.tex
File: pgfmodulematrix.code.tex 2023-01-15 v3.1.10 (3.1.10)
\pgfmatrixcurrentrow=\count286
\pgfmatrixcurrentcolumn=\count287
\pgf@matrix@numberofcolumns=\count288
)
\tikz@expandcount=\count289

(C:\Users\indro\AppData\Local\Programs\MiKTeX\tex/generic/pgf/frontendlayer/tik
z/libraries\tikzlibrarytopaths.code.tex
File: tikzlibrarytopaths.code.tex 2023-01-15 v3.1.10 (3.1.10)
)))
(C:\Users\indro\AppData\Local\Programs\MiKTeX\tex/generic/pgf/frontendlayer/tik
z/libraries\tikzlibraryarrows.code.tex
File: tikzlibraryarrows.code.tex 2023-01-15 v3.1.10 (3.1.10)

(C:\Users\indro\AppData\Local\Programs\MiKTeX\tex/generic/pgf/libraries\pgflibr
aryarrows.code.tex
File: pgflibraryarrows.code.tex 2023-01-15 v3.1.10 (3.1.10)
\arrowsize=\dimen261
))
(C:\Users\indro\AppData\Local\Programs\MiKTeX\tex/generic/pgf/frontendlayer/tik
z/libraries\tikzlibrarycalc.code.tex
File: tikzlibrarycalc.code.tex 2023-01-15 v3.1.10 (3.1.10)
)
(C:\Users\indro\AppData\Local\Programs\MiKTeX\tex/generic/pgf/frontendlayer/tik
z/libraries\tikzlibraryintersections.code.tex
(C:\Users\indro\AppData\Local\Programs\MiKTeX\tex/generic/pgf/libraries\pgflibr
aryintersections.code.tex
(C:\Users\indro\AppData\Local\Programs\MiKTeX\tex/generic/pgf/libraries\pgflibr
aryfpu.code.tex)
\pgf@intersect@solutions=\count290
))
(C:\Users\indro\AppData\Local\Programs\MiKTeX\tex/generic/pgf/frontendlayer/tik
z/libraries\tikzlibrarydecorations.code.tex
(C:\Users\indro\AppData\Local\Programs\MiKTeX\tex/generic/pgf/modules\pgfmodule
decorations.code.tex
\pgfdecoratedcompleteddistance=\dimen262
\pgfdecoratedremainingdistance=\dimen263
\pgfdecoratedinputsegmentcompleteddistance=\dimen264
\pgfdecoratedinputsegmentremainingdistance=\dimen265
\pgf@decorate@distancetomove=\dimen266
\pgf@decorate@repeatstate=\count291
\pgfdecorationsegmentamplitude=\dimen267
\pgfdecorationsegmentlength=\dimen268
)
\tikz@lib@dec@box=\box65
)
(C:\Users\indro\AppData\Local\Programs\MiKTeX\tex/latex/pgfplots\pgfplots.sty
(C:\Users\indro\AppData\Local\Programs\MiKTeX\tex/generic/pgfplots\pgfplots.rev
ision.tex)
Package: pgfplots 2021/05/15 v1.18.1 Data Visualization (1.18.1)

(C:\Users\indro\AppData\Local\Programs\MiKTeX\tex/generic/pgfplots\pgfplots.cod
e.tex
(C:\Users\indro\AppData\Local\Programs\MiKTeX\tex/generic/pgfplots\pgfplotscore
.code.tex
\t@pgfplots@toka=\toks38
\t@pgfplots@tokb=\toks39
\t@pgfplots@tokc=\toks40
\pgfplots@tmpa=\dimen269
\c@pgfplots@coordindex=\count292
\c@pgfplots@scanlineindex=\count293

(C:\Users\indro\AppData\Local\Programs\MiKTeX\tex/generic/pgfplots/sys\pgfplots
sysgeneric.code.tex))
(C:\Users\indro\AppData\Local\Programs\MiKTeX\tex/generic/pgfplots/libs\pgfplot
slibrary.code.tex)
(C:\Users\indro\AppData\Local\Programs\MiKTeX\tex/generic/pgfplots/oldpgfcompat
ib\pgfplotsoldpgfsupp_loader.code.tex
Package pgfplots: loading complementary utilities for your pgf version...
\t@pgf@toka=\toks41
\t@pgf@tokb=\toks42
\t@pgf@tokc=\toks43

(C:\Users\indro\AppData\Local\Programs\MiKTeX\tex/generic/pgfplots/oldpgfcompat
ib\pgfplotsoldpgfsupp_pgfutil-common-lists.tex))
(C:\Users\indro\AppData\Local\Programs\MiKTeX\tex/generic/pgfplots/util\pgfplot
sutil.code.tex
(C:\Users\indro\AppData\Local\Programs\MiKTeX\tex/generic/pgfplots/liststructur
e\pgfplotsliststructure.code.tex)
(C:\Users\indro\AppData\Local\Programs\MiKTeX\tex/generic/pgfplots/liststructur
e\pgfplotsliststructureext.code.tex)
(C:\Users\indro\AppData\Local\Programs\MiKTeX\tex/generic/pgfplots/liststructur
e\pgfplotsarray.code.tex
\c@pgfplotsarray@tmp=\count294
)
(C:\Users\indro\AppData\Local\Programs\MiKTeX\tex/generic/pgfplots/liststructur
e\pgfplotsmatrix.code.tex)
(C:\Users\indro\AppData\Local\Programs\MiKTeX\tex/generic/pgfplots/numtable\pgf
plotstableshared.code.tex
\c@pgfplotstable@counta=\count295
\t@pgfplotstable@a=\toks44
)
(C:\Users\indro\AppData\Local\Programs\MiKTeX\tex/generic/pgfplots/liststructur
e\pgfplotsdeque.code.tex)
(C:\Users\indro\AppData\Local\Programs\MiKTeX\tex/generic/pgfplots/util\pgfplot
sbinary.code.tex
(C:\Users\indro\AppData\Local\Programs\MiKTeX\tex/generic/pgfplots/util\pgfplot
sbinary.data.code.tex))
(C:\Users\indro\AppData\Local\Programs\MiKTeX\tex/generic/pgfplots/util\pgfplot
sutil.verb.code.tex)
(C:\Users\indro\AppData\Local\Programs\MiKTeX\tex/generic/pgfplots/libs\pgflibr
arypgfplots.surfshading.code.tex
\c@pgfplotslibrarysurf@no=\count296

(C:\Users\indro\AppData\Local\Programs\MiKTeX\tex/generic/pgfplots/sys\pgflibra
rypgfplots.surfshading.pgfsys-xetex.def
(C:\Users\indro\AppData\Local\Programs\MiKTeX\tex/generic/pgfplots/sys\pgflibra
rypgfplots.surfshading.pgfsys-dvipdfmx.def
\c@pgfplotslibrarysurf@streamlen=\count297
))))
(C:\Users\indro\AppData\Local\Programs\MiKTeX\tex/generic/pgfplots/util\pgfplot
scolormap.code.tex
(C:\Users\indro\AppData\Local\Programs\MiKTeX\tex/generic/pgfplots/util\pgfplot
scolor.code.tex))
(C:\Users\indro\AppData\Local\Programs\MiKTeX\tex/generic/pgfplots\pgfplotsstac
kedplots.code.tex)
(C:\Users\indro\AppData\Local\Programs\MiKTeX\tex/generic/pgfplots\pgfplotsplot
handlers.code.tex
(C:\Users\indro\AppData\Local\Programs\MiKTeX\tex/generic/pgfplots\pgfplotsmesh
plothandler.code.tex
(C:\Users\indro\AppData\Local\Programs\MiKTeX\tex/generic/pgfplots\pgfplotsmesh
plotimage.code.tex)))
(C:\Users\indro\AppData\Local\Programs\MiKTeX\tex/generic/pgfplots\pgfplots.sca
ling.code.tex)
(C:\Users\indro\AppData\Local\Programs\MiKTeX\tex/generic/pgfplots\pgfplotscoor
dprocessing.code.tex)
(C:\Users\indro\AppData\Local\Programs\MiKTeX\tex/generic/pgfplots\pgfplots.err
orbars.code.tex)
(C:\Users\indro\AppData\Local\Programs\MiKTeX\tex/generic/pgfplots\pgfplots.mar
kers.code.tex)
(C:\Users\indro\AppData\Local\Programs\MiKTeX\tex/generic/pgfplots\pgfplotstick
s.code.tex)
(C:\Users\indro\AppData\Local\Programs\MiKTeX\tex/generic/pgfplots\pgfplots.pat
hs.code.tex)
(C:\Users\indro\AppData\Local\Programs\MiKTeX\tex/generic/pgf/frontendlayer/tik
z/libraries\tikzlibrarydecorations.pathmorphing.code.tex
(C:\Users\indro\AppData\Local\Programs\MiKTeX\tex/generic/pgf/libraries/decorat
ions\pgflibrarydecorations.pathmorphing.code.tex))
(C:\Users\indro\AppData\Local\Programs\MiKTeX\tex/generic/pgf/frontendlayer/tik
z/libraries\tikzlibrarydecorations.pathreplacing.code.tex
(C:\Users\indro\AppData\Local\Programs\MiKTeX\tex/generic/pgf/libraries/decorat
ions\pgflibrarydecorations.pathreplacing.code.tex))
(C:\Users\indro\AppData\Local\Programs\MiKTeX\tex/generic/pgfplots/libs\tikzlib
rarypgfplots.contourlua.code.tex)
\pgfplots@numplots=\count298
\pgfplots@xmin@reg=\dimen270
\pgfplots@xmax@reg=\dimen271
\pgfplots@ymin@reg=\dimen272
\pgfplots@ymax@reg=\dimen273
\pgfplots@zmin@reg=\dimen274
\pgfplots@zmax@reg=\dimen275
)
(C:\Users\indro\AppData\Local\Programs\MiKTeX\tex/generic/pgf/frontendlayer/tik
z/libraries\tikzlibraryplotmarks.code.tex
File: tikzlibraryplotmarks.code.tex 2023-01-15 v3.1.10 (3.1.10)

(C:\Users\indro\AppData\Local\Programs\MiKTeX\tex/generic/pgf/libraries\pgflibr
aryplotmarks.code.tex
File: pgflibraryplotmarks.code.tex 2023-01-15 v3.1.10 (3.1.10)
)))
(C:\Users\indro\AppData\Local\Programs\MiKTeX\tex/latex/bbm\bbm.sty
Package: bbm 1999/03/15 V 1.2 provides fonts for set symbols - TH
LaTeX Font Info:    Overwriting math alphabet `\mathbbm' in version `bold'
(Font)                  U/bbm/m/n --> U/bbm/bx/n on input line 33.
LaTeX Font Info:    Overwriting math alphabet `\mathbbmss' in version `bold'
(Font)                  U/bbmss/m/n --> U/bbmss/bx/n on input line 35.
)
(sphinxmanual.cls
Document Class: sphinxmanual 2019/12/01 v2.3.0 Document class (Sphinx manual)
(C:\Users\indro\AppData\Local\Programs\MiKTeX\tex/latex/base\report.cls
Document Class: report 2024/02/08 v1.4n Standard LaTeX document class
(C:\Users\indro\AppData\Local\Programs\MiKTeX\tex/latex/base\size10.clo
File: size10.clo 2024/02/08 v1.4n Standard LaTeX file (size option)
)
\c@part=\count299
\c@chapter=\count300
\c@section=\count301
\c@subsection=\count302
\c@subsubsection=\count303
\c@paragraph=\count304
\c@subparagraph=\count305
\c@figure=\count306
\c@table=\count307
\abovecaptionskip=\skip52
\belowcaptionskip=\skip53
\bibindent=\dimen276
)
LaTeX Info: Redefining \and on input line 35.
)
(C:\Users\indro\AppData\Local\Programs\MiKTeX\tex/latex/changepage\changepage.s
ty
Package: changepage 2009/10/20 v1.0c check page and change page layout
\c@cp@cntr=\count308
\cp@tempcnt=\count309
))
\sphinxpxdimen=\dimen277
 (C:\Users\indro\AppData\Local\Programs\MiKTeX\tex/latex/cmap\cmap.sty
Package: cmap 2021/02/06 v1.0j CMap support: searchable PDF


Package cmap Warning: pdftex not detected - exiting.

) (C:\Users\indro\AppData\Local\Programs\MiKTeX\tex/latex/fontspec\fontspec.sty

(C:\Users\indro\AppData\Local\Programs\MiKTeX\tex/latex/l3packages/xparse\xpars
e.sty
(C:\Users\indro\AppData\Local\Programs\MiKTeX\tex/latex/l3kernel\expl3.sty
Package: expl3 2024-05-27 L3 programming layer (loader) 

(C:\Users\indro\AppData\Local\Programs\MiKTeX\tex/latex/l3backend\l3backend-xet
ex.def
File: l3backend-xetex.def 2024-05-08 L3 backend support: XeTeX
\g__graphics_track_int=\count310
\l__pdf_internal_box=\box66
\g__pdf_backend_annotation_int=\count311
\g__pdf_backend_link_int=\count312
))
Package: xparse 2024-05-08 L3 Experimental document command parser
)
Package: fontspec 2024/05/11 v2.9e Font selection for XeLaTeX and LuaLaTeX

(C:\Users\indro\AppData\Local\Programs\MiKTeX\tex/latex/fontspec\fontspec-xetex
.sty
Package: fontspec-xetex 2024/05/11 v2.9e Font selection for XeLaTeX and LuaLaTe
X
\l__fontspec_script_int=\count313
\l__fontspec_language_int=\count314
\l__fontspec_strnum_int=\count315
\l__fontspec_tmp_int=\count316
\l__fontspec_tmpa_int=\count317
\l__fontspec_tmpb_int=\count318
\l__fontspec_tmpc_int=\count319
\l__fontspec_em_int=\count320
\l__fontspec_emdef_int=\count321
\l__fontspec_strong_int=\count322
\l__fontspec_strongdef_int=\count323
\l__fontspec_tmpa_dim=\dimen278
\l__fontspec_tmpb_dim=\dimen279
\l__fontspec_tmpc_dim=\dimen280
 (C:\Users\indro\AppData\Local\Programs\MiKTeX\tex/latex/base\fontenc.sty
Package: fontenc 2021/04/29 v2.0v Standard LaTeX package
)
(C:\Users\indro\AppData\Local\Programs\MiKTeX\tex/latex/fontspec\fontspec.cfg))
)
(C:\Users\indro\AppData\Local\Programs\MiKTeX\tex/latex/polyglossia\polyglossia
.sty
Package: polyglossia 2024/03/07 v2.1 Modern multilingual typesetting with XeLaT
eX and LuaLaTeX

(C:\Users\indro\AppData\Local\Programs\MiKTeX\tex/latex/etoolbox\etoolbox.sty
Package: etoolbox 2020/10/05 v2.5k e-TeX tools for LaTeX (JAW)
\etb@tempcnta=\count324
)
(C:\Users\indro\AppData\Local\Programs\MiKTeX\tex/latex/xkeyval\xkeyval.sty
Package: xkeyval 2022/06/16 v2.9 package option processing (HA)

(C:\Users\indro\AppData\Local\Programs\MiKTeX\tex/generic/xkeyval\xkeyval.tex
(C:\Users\indro\AppData\Local\Programs\MiKTeX\tex/generic/xkeyval\xkvutils.tex
\XKV@toks=\toks45
\XKV@tempa@toks=\toks46
)
\XKV@depth=\count325
File: xkeyval.tex 2014/12/03 v2.7a key=value parser (HA)
)) (C:\Users\indro\AppData\Local\Programs\MiKTeX\tex/generic/iftex\iftex.sty
Package: iftex 2022/02/03 v1.0f TeX engine tests
)
(C:\Users\indro\AppData\Local\Programs\MiKTeX\tex/latex/polyglossia\gloss-latex
.ldf
File: gloss-latex.ldf polyglossia: module for default language
)
Package polyglossia Info: Default language is latex.
)
(C:\Users\indro\AppData\Local\Programs\MiKTeX\tex/latex/polyglossia\gloss-engli
sh.ldf
File: gloss-english.ldf polyglossia: module for English
Package polyglossia Info: Option: English, variant=american.
)
Package polyglossia Info: Default language is english.

Package fontspec Info: 
(fontspec)             Font family 'FreeSerif(0)' created for font 'FreeSerif'
(fontspec)             with options [Extension = .otf,UprightFont =
(fontspec)             *,ItalicFont = *Italic,BoldFont = *Bold,BoldItalicFont
(fontspec)             = *BoldItalic].
(fontspec)              
(fontspec)              This font family consists of the following NFSS
(fontspec)             series/shapes:
(fontspec)              
(fontspec)             - 'normal' (m/n) with NFSS spec.:
(fontspec)             <->"[FreeSerif.otf]/OT:script=latn;language=dflt;"
(fontspec)             - 'small caps'  (m/sc) with NFSS spec.:
(fontspec)             <->"[FreeSerif.otf]/OT:script=latn;language=dflt;+smcp;"

(fontspec)             - 'bold' (b/n) with NFSS spec.:
(fontspec)             <->"[FreeSerifBold.otf]/OT:script=latn;language=dflt;"
(fontspec)             - 'bold small caps'  (b/sc) with NFSS spec.:
(fontspec)             <->"[FreeSerifBold.otf]/OT:script=latn;language=dflt;+sm
cp;"
(fontspec)             - 'italic' (m/it) with NFSS spec.:
(fontspec)             <->"[FreeSerifItalic.otf]/OT:script=latn;language=dflt;"

(fontspec)             - 'bold italic' (b/it) with NFSS spec.:
(fontspec)             <->"[FreeSerifBoldItalic.otf]/OT:script=latn;language=df
lt;"


Package fontspec Info: 
(fontspec)             Font family 'FreeSans(0)' created for font 'FreeSans'
(fontspec)             with options [Extension = .otf,UprightFont =
(fontspec)             *,ItalicFont = *Oblique,BoldFont = *Bold,BoldItalicFont
(fontspec)             = *BoldOblique].
(fontspec)              
(fontspec)              This font family consists of the following NFSS
(fontspec)             series/shapes:
(fontspec)              
(fontspec)             - 'normal' (m/n) with NFSS spec.:
(fontspec)             <->"[FreeSans.otf]/OT:script=latn;language=dflt;"
(fontspec)             - 'small caps'  (m/sc) with NFSS spec.:
(fontspec)             <->"[FreeSans.otf]/OT:script=latn;language=dflt;+smcp;"
(fontspec)             - 'bold' (b/n) with NFSS spec.:
(fontspec)             <->"[FreeSansBold.otf]/OT:script=latn;language=dflt;"
(fontspec)             - 'bold small caps'  (b/sc) with NFSS spec.:
(fontspec)             <->"[FreeSansBold.otf]/OT:script=latn;language=dflt;+smc
p;"
(fontspec)             - 'italic' (m/it) with NFSS spec.:
(fontspec)             <->"[FreeSansOblique.otf]/OT:script=latn;language=dflt;"

(fontspec)             - 'bold italic' (b/it) with NFSS spec.:
(fontspec)             <->"[FreeSansBoldOblique.otf]/OT:script=latn;language=df
lt;"


Package fontspec Info: 
(fontspec)             Font family 'FreeMono(0)' created for font 'FreeMono'
(fontspec)             with options [Extension = .otf,UprightFont =
(fontspec)             *,ItalicFont = *Oblique,BoldFont = *Bold,BoldItalicFont
(fontspec)             = *BoldOblique].
(fontspec)              
(fontspec)              This font family consists of the following NFSS
(fontspec)             series/shapes:
(fontspec)              
(fontspec)             - 'normal' (m/n) with NFSS spec.:
(fontspec)             <->"[FreeMono.otf]/OT:script=latn;language=dflt;"
(fontspec)             - 'bold' (b/n) with NFSS spec.:
(fontspec)             <->"[FreeMonoBold.otf]/OT:script=latn;language=dflt;"
(fontspec)             - 'italic' (m/it) with NFSS spec.:
(fontspec)             <->"[FreeMonoOblique.otf]/OT:script=latn;language=dflt;"

(fontspec)             - 'bold italic' (b/it) with NFSS spec.:
(fontspec)             <->"[FreeMonoBoldOblique.otf]/OT:script=latn;language=df
lt;"


(C:\Users\indro\AppData\Local\Programs\MiKTeX\tex/latex/fncychap\fncychap.sty
Package: fncychap 2007/07/30 v1.34 LaTeX package (Revised chapters)
\RW=\skip54
\mylen=\skip55
\myhi=\skip56
\px=\skip57
\py=\skip58
\pyy=\skip59
\pxx=\skip60
\c@AlphaCnt=\count326
\c@AlphaDecCnt=\count327
)
(sphinx.sty
Package: sphinx 2023/03/19 v6.2.0 LaTeX package (Sphinx markup)

(C:\Users\indro\AppData\Local\Programs\MiKTeX\tex/generic/ltxcmds\ltxcmds.sty
Package: ltxcmds 2023-12-04 v1.26 LaTeX kernel commands for general use (HO)
)
(C:\Users\indro\AppData\Local\Programs\MiKTeX\tex/latex/kvoptions\kvoptions.sty
Package: kvoptions 2022-06-15 v3.15 Key value format for package options (HO)

(C:\Users\indro\AppData\Local\Programs\MiKTeX\tex/latex/kvsetkeys\kvsetkeys.sty
Package: kvsetkeys 2022-10-05 v1.19 Key value parser (HO)
)) (sphinxoptionshyperref.sty
File: sphinxoptionshyperref.sty 2021/01/27 hyperref
) (sphinxoptionsgeometry.sty
File: sphinxoptionsgeometry.sty 2021/01/27 geometry
)
(C:\Users\indro\AppData\Local\Programs\MiKTeX\tex/latex/base\textcomp.sty
Package: textcomp 2024/04/24 v2.1b Standard LaTeX package
)
(C:\Users\indro\AppData\Local\Programs\MiKTeX\tex/latex/float\float.sty
Package: float 2001/11/08 v1.3d Float enhancements (AL)
\c@float@type=\count328
\float@exts=\toks47
\float@box=\box67
\@float@everytoks=\toks48
\@floatcapt=\box68
)
(C:\Users\indro\AppData\Local\Programs\MiKTeX\tex/latex/wrapfig\wrapfig.sty
\wrapoverhang=\dimen281
\WF@size=\dimen282
\c@WF@wrappedlines=\count329
\WF@box=\box69
\WF@everypar=\toks49
Package: wrapfig 2003/01/31  v 3.6
)
(C:\Users\indro\AppData\Local\Programs\MiKTeX\tex/latex/capt-of\capt-of.sty
Package: capt-of 2009/12/29 v0.2 standard captions outside of floats
)
(C:\Users\indro\AppData\Local\Programs\MiKTeX\tex/latex/tools\multicol.sty
Package: multicol 2024/05/23 v1.9h multicolumn formatting (FMi)
\c@tracingmulticols=\count330
\mult@box=\box70
\multicol@leftmargin=\dimen283
\c@unbalance=\count331
\c@collectmore=\count332
\doublecol@number=\count333
\multicoltolerance=\count334
\multicolpretolerance=\count335
\full@width=\dimen284
\page@free=\dimen285
\premulticols=\dimen286
\postmulticols=\dimen287
\multicolsep=\skip61
\multicolbaselineskip=\skip62
\partial@page=\box71
\last@line=\box72
\mc@boxedresult=\box73
\maxbalancingoverflow=\dimen288
\mult@rightbox=\box74
\mult@grightbox=\box75
\mult@firstbox=\box76
\mult@gfirstbox=\box77
\@tempa=\box78
\@tempa=\box79
\@tempa=\box80
\@tempa=\box81
\@tempa=\box82
\@tempa=\box83
\@tempa=\box84
\@tempa=\box85
\@tempa=\box86
\@tempa=\box87
\@tempa=\box88
\@tempa=\box89
\@tempa=\box90
\@tempa=\box91
\@tempa=\box92
\@tempa=\box93
\@tempa=\box94
\@tempa=\box95
\@tempa=\box96
\@tempa=\box97
\@tempa=\box98
\@tempa=\box99
\@tempa=\box100
\@tempa=\box101
\@tempa=\box102
\@tempa=\box103
\@tempa=\box104
\@tempa=\box105
\@tempa=\box106
\@tempa=\box107
\@tempa=\box108
\@tempa=\box109
\@tempa=\box110
\@tempa=\box111
\@tempa=\box112
\@tempa=\box113
\c@minrows=\count336
\c@columnbadness=\count337
\c@finalcolumnbadness=\count338
\last@try=\dimen289
\multicolovershoot=\dimen290
\multicolundershoot=\dimen291
\mult@nat@firstbox=\box114
\colbreak@box=\box115
\mc@col@check@num=\count339
)
(sphinxlatexgraphics.sty
File: sphinxlatexgraphics.sty 2021/01/27 graphics
\spx@image@maxheight=\dimen292
\spx@image@box=\box116
) (sphinxpackageboxes.sty
Package: sphinxpackageboxes 2023/03/19 v6.2.0 advanced colored boxes

(C:\Users\indro\AppData\Local\Programs\MiKTeX\tex/latex/pict2e\pict2e.sty
Package: pict2e 2020/09/30 v0.4b Improved picture commands (HjG,RN,JT)

(C:\Users\indro\AppData\Local\Programs\MiKTeX\tex/latex/pict2e\pict2e.cfg
File: pict2e.cfg 2016/02/05 v0.1u pict2e configuration for teTeX/TeXLive
)
Package pict2e Info: Driver file: xetex.def on input line 112.
Package pict2e Info: Driver file for pict2e: p2e-xetex.def on input line 114.

(C:\Users\indro\AppData\Local\Programs\MiKTeX\tex/latex/pict2e\p2e-xetex.def
File: p2e-xetex.def 2016/02/05 v0.1u Driver-dependant file (RN,HjG,JT)
)
\pIIe@GRAPH=\toks50
\@arclen=\dimen293
\@arcrad=\dimen294
\pIIe@tempdima=\dimen295
\pIIe@tempdimb=\dimen296
\pIIe@tempdimc=\dimen297
\pIIe@tempdimd=\dimen298
\pIIe@tempdime=\dimen299
\pIIe@tempdimf=\dimen300
)
(C:\Users\indro\AppData\Local\Programs\MiKTeX\tex/latex/ellipse\ellipse.sty
Package: ellipse 2004/11/05 v1.0 .dtx ellipse file
)
\@tempdimd=\dimen301
\spx@tempboxa=\box117
\spx@tempboxb=\box118
\spx@boxes@border=\dimen302
\spx@boxes@border@top=\dimen303
\spx@boxes@border@right=\dimen304
\spx@boxes@border@bottom=\dimen305
\spx@boxes@border@left=\dimen306
\spx@boxes@padding@top=\dimen307
\spx@boxes@padding@right=\dimen308
\spx@boxes@padding@bottom=\dimen309
\spx@boxes@padding@left=\dimen310
\spx@boxes@shadow@xoffset=\dimen311
\spx@boxes@shadow@yoffset=\dimen312
\spx@boxes@radius@topleft@x=\dimen313
\spx@boxes@radius@topright@x=\dimen314
\spx@boxes@radius@bottomright@x=\dimen315
\spx@boxes@radius@bottomleft@x=\dimen316
\spx@boxes@radius@topleft@y=\dimen317
\spx@boxes@radius@topright@y=\dimen318
\spx@boxes@radius@bottomright@y=\dimen319
\spx@boxes@radius@bottomleft@y=\dimen320
)
(sphinxlatexadmonitions.sty
File: sphinxlatexadmonitions.sty 2023/03/19 admonitions

(C:\Users\indro\AppData\Local\Programs\MiKTeX\tex/latex/framed\framed.sty
Package: framed 2011/10/22 v 0.96: framed or shaded text with page breaks
\OuterFrameSep=\skip63
\fb@frw=\dimen321
\fb@frh=\dimen322
\FrameRule=\dimen323
\FrameSep=\dimen324
)
\spx@notice@border=\dimen325
)
(sphinxlatexliterals.sty
File: sphinxlatexliterals.sty 2023/04/01 code-blocks and parsed literals

(C:\Users\indro\AppData\Local\Programs\MiKTeX\tex/latex/fancyvrb\fancyvrb.sty
Package: fancyvrb 2024/01/20 4.5c verbatim text (tvz,hv)
\FV@CodeLineNo=\count340
\FV@InFile=\read3
\FV@TabBox=\box119
\c@FancyVerbLine=\count341
\FV@StepNumber=\count342
\FV@OutFile=\write4
)
(C:\Users\indro\AppData\Local\Programs\MiKTeX\tex/latex/base\alltt.sty
Package: alltt 2024/02/08 v2.0g defines alltt environment
)
(C:\Users\indro\AppData\Local\Programs\MiKTeX\tex/latex/upquote\upquote.sty
Package: upquote 2012/04/19 v1.3 upright-quote and grave-accent glyphs in verba
tim
)
(C:\Users\indro\AppData\Local\Programs\MiKTeX\tex/latex/needspace\needspace.sty
Package: needspace 2010/09/12 v1.3d reserve vertical space
)
\sphinxcontinuationbox=\box120
\sphinxvisiblespacebox=\box121
\sphinxVerbatim@TitleBox=\box122
\sphinxVerbatim@ContentsBox=\box123
) (sphinxlatexshadowbox.sty
File: sphinxlatexshadowbox.sty 2023/03/19 sphinxShadowBox
) (sphinxlatexcontainers.sty
File: sphinxlatexcontainers.sty 2021/05/03 containers
) (sphinxhighlight.sty
Package: sphinxhighlight 2022/06/30 stylesheet for highlighting with pygments
) (sphinxlatextables.sty
File: sphinxlatextables.sty 2022/08/15 tables

(C:\Users\indro\AppData\Local\Programs\MiKTeX\tex/latex/tabulary\tabulary.sty
Package: tabulary 2024/06/04 v0.11 tabulary package (DPC)

(C:\Users\indro\AppData\Local\Programs\MiKTeX\tex/latex/tools\array.sty
Package: array 2024/06/14 v2.6d Tabular extension package (FMi)
\col@sep=\dimen326
\ar@mcellbox=\box124
\extrarowheight=\dimen327
\NC@list=\toks51
\extratabsurround=\skip64
\backup@length=\skip65
\ar@cellbox=\box125
)
\TY@count=\count343
\TY@linewidth=\dimen328
\tymin=\dimen329
\tymax=\dimen330
\TY@tablewidth=\dimen331
)
(C:\Users\indro\AppData\Local\Programs\MiKTeX\tex/latex/tools\longtable.sty
Package: longtable 2024-04-26 v4.20 Multi-page Table package (DPC)
\LTleft=\skip66
\LTright=\skip67
\LTpre=\skip68
\LTpost=\skip69
\LTchunksize=\count344
\LTcapwidth=\dimen332
\LT@head=\box126
\LT@firsthead=\box127
\LT@foot=\box128
\LT@lastfoot=\box129
\LT@gbox=\box130
\LT@cols=\count345
\LT@rows=\count346
\c@LT@tables=\count347
\c@LT@chunks=\count348
\LT@p@ftn=\toks52
)
(C:\Users\indro\AppData\Local\Programs\MiKTeX\tex/latex/varwidth\varwidth.sty
Package: varwidth 2009/03/30 ver 0.92;  Variable-width minipages
\@vwid@box=\box131
\sift@deathcycles=\count349
\@vwid@loff=\dimen333
\@vwid@roff=\dimen334
)
\sphinx@TY@tablewidth=\dimen335

(C:\Users\indro\AppData\Local\Programs\MiKTeX\tex/latex/colortbl\colortbl.sty
Package: colortbl 2024/05/26 v1.0h Color table columns (DPC)
\everycr=\toks53
\minrowclearance=\skip70
\rownum=\count350
)
(C:\Users\indro\AppData\Local\Programs\MiKTeX\tex/latex/booktabs\booktabs.sty
Package: booktabs 2020/01/12 v1.61803398 Publication quality tables
\heavyrulewidth=\dimen336
\lightrulewidth=\dimen337
\cmidrulewidth=\dimen338
\belowrulesep=\dimen339
\belowbottomsep=\dimen340
\aboverulesep=\dimen341
\abovetopsep=\dimen342
\cmidrulesep=\dimen343
\cmidrulekern=\dimen344
\defaultaddspace=\dimen345
\@cmidla=\count351
\@cmidlb=\count352
\@aboverulesep=\dimen346
\@belowrulesep=\dimen347
\@thisruleclass=\count353
\@lastruleclass=\count354
\@thisrulewidth=\dimen348
)) (sphinxlatexnumfig.sty
File: sphinxlatexnumfig.sty 2021/01/27 numbering
) (sphinxlatexlists.sty
File: sphinxlatexlists.sty 2021/12/20 lists
\spx@lineitemlabel=\toks54
)
\c@sphinxscope=\count355
 (sphinxpackagefootnote.sty
Package: sphinxpackagefootnote 2022/08/15 v5.3.0 Sphinx custom footnotehyper pa
ckage (Sphinx team)
\FNH@notes=\box132
\FNH@toks=\toks55
\FNH@width=\dimen349
\c@sphinxfootnotemark=\count356
)
(sphinxlatexindbibtoc.sty
File: sphinxlatexindbibtoc.sty 2021/01/27 index, bib., toc

(C:\Users\indro\AppData\Local\Programs\MiKTeX\tex/latex/base\makeidx.sty
Package: makeidx 2021/10/04 v1.0m Standard LaTeX package
))
(sphinxlatexstylepage.sty
File: sphinxlatexstylepage.sty 2021/01/27 page styling

(C:\Users\indro\AppData\Local\Programs\MiKTeX\tex/latex/parskip\parskip.sty
Rollback for package 'parskip' requested -> version 'v1'.
         This corresponds to the release introduced on 2001-04-09.

(C:\Users\indro\AppData\Local\Programs\MiKTeX\tex/latex/parskip\parskip-2001-04
-09.sty
Package: parskip 2001/04/09 non-zero parskip adjustments
))
(C:\Users\indro\AppData\Local\Programs\MiKTeX\tex/latex/fancyhdr\fancyhdr.sty
Package: fancyhdr 2024/04/23 v4.2 Extensive control of page headers and footers

\f@nch@headwidth=\skip71
\f@nch@O@elh=\skip72
\f@nch@O@erh=\skip73
\f@nch@O@olh=\skip74
\f@nch@O@orh=\skip75
\f@nch@O@elf=\skip76
\f@nch@O@erf=\skip77
\f@nch@O@olf=\skip78
\f@nch@O@orf=\skip79
)) (sphinxlatexstyleheadings.sty
File: sphinxlatexstyleheadings.sty 2023/02/11 headings

(C:\Users\indro\AppData\Local\Programs\MiKTeX\tex/latex/titlesec\titlesec.sty
Package: titlesec 2023/10/27 v2.16 Sectioning titles
\ttl@box=\box133
\beforetitleunit=\skip80
\aftertitleunit=\skip81
\ttl@plus=\dimen350
\ttl@minus=\dimen351
\ttl@toksa=\toks56
\titlewidth=\dimen352
\titlewidthlast=\dimen353
\titlewidthfirst=\dimen354
)) (sphinxlatexstyletext.sty
File: sphinxlatexstyletext.sty 2023/07/23 text styling
) (sphinxlatexobjects.sty
File: sphinxlatexobjects.sty 2023/07/23 documentation environments
\sphinxsignaturesep=\skip82
\sphinxsignaturelistskip=\skip83
\py@argswidth=\skip84
\lineblockindentation=\skip85
\DUlineblockindent=\skip86
))
(C:\Users\indro\AppData\Local\Programs\MiKTeX\tex/latex/geometry\geometry.sty
Package: geometry 2020/01/02 v5.9 Page Geometry

(C:\Users\indro\AppData\Local\Programs\MiKTeX\tex/generic/iftex\ifvtex.sty
Package: ifvtex 2019/10/25 v1.7 ifvtex legacy package. Use iftex instead.
)
\Gm@cnth=\count357
\Gm@cntv=\count358
\c@Gm@tempcnt=\count359
\Gm@bindingoffset=\dimen355
\Gm@wd@mp=\dimen356
\Gm@odd@mp=\dimen357
\Gm@even@mp=\dimen358
\Gm@layoutwidth=\dimen359
\Gm@layoutheight=\dimen360
\Gm@layouthoffset=\dimen361
\Gm@layoutvoffset=\dimen362
\Gm@dimlist=\toks57

(C:\Users\indro\AppData\Local\Programs\MiKTeX\tex/latex/geometry\geometry.cfg))
(C:\Users\indro\AppData\Local\Programs\MiKTeX\tex/latex/hyperref\hyperref.sty
Package: hyperref 2024-05-23 v7.01i Hypertext links for LaTeX

(C:\Users\indro\AppData\Local\Programs\MiKTeX\tex/generic/kvdefinekeys\kvdefine
keys.sty
Package: kvdefinekeys 2019-12-19 v1.6 Define keys (HO)
)
(C:\Users\indro\AppData\Local\Programs\MiKTeX\tex/generic/pdfescape\pdfescape.s
ty
Package: pdfescape 2019/12/09 v1.15 Implements pdfTeX's escape features (HO)

(C:\Users\indro\AppData\Local\Programs\MiKTeX\tex/generic/pdftexcmds\pdftexcmds
.sty
Package: pdftexcmds 2020-06-27 v0.33 Utility functions of pdfTeX for LuaTeX (HO
)

(C:\Users\indro\AppData\Local\Programs\MiKTeX\tex/generic/infwarerr\infwarerr.s
ty
Package: infwarerr 2019/12/03 v1.5 Providing info/warning/error messages (HO)
)
Package pdftexcmds Info: \pdf@primitive is available.
Package pdftexcmds Info: \pdf@ifprimitive is available.
Package pdftexcmds Info: \pdfdraftmode not found.
))
(C:\Users\indro\AppData\Local\Programs\MiKTeX\tex/latex/hycolor\hycolor.sty
Package: hycolor 2020-01-27 v1.10 Color options for hyperref/bookmark (HO)
)
(C:\Users\indro\AppData\Local\Programs\MiKTeX\tex/latex/hyperref\nameref.sty
Package: nameref 2023-11-26 v2.56 Cross-referencing by name of section

(C:\Users\indro\AppData\Local\Programs\MiKTeX\tex/latex/refcount\refcount.sty
Package: refcount 2019/12/15 v3.6 Data extraction from label references (HO)
)
(C:\Users\indro\AppData\Local\Programs\MiKTeX\tex/generic/gettitlestring\gettit
lestring.sty
Package: gettitlestring 2019/12/15 v1.6 Cleanup title references (HO)
)
\c@section@level=\count360
)
(C:\Users\indro\AppData\Local\Programs\MiKTeX\tex/generic/stringenc\stringenc.s
ty
Package: stringenc 2019/11/29 v1.12 Convert strings between diff. encodings (HO
)
)
\@linkdim=\dimen363
\Hy@linkcounter=\count361
\Hy@pagecounter=\count362
 (C:\Users\indro\AppData\Local\Programs\MiKTeX\tex/latex/hyperref\pd1enc.def
File: pd1enc.def 2024-05-23 v7.01i Hyperref: PDFDocEncoding definition (HO)
) (C:\Users\indro\AppData\Local\Programs\MiKTeX\tex/generic/intcalc\intcalc.sty
Package: intcalc 2019/12/15 v1.3 Expandable calculations with integers (HO)
)
\Hy@SavedSpaceFactor=\count363
 (C:\Users\indro\AppData\Local\Programs\MiKTeX\tex/latex/hyperref\puenc.def
File: puenc.def 2024-05-23 v7.01i Hyperref: PDF Unicode definition (HO)
)
Package hyperref Info: Option `hyperindex' set `false' on input line 4040.
Package hyperref Info: Option `unicode' set `true' on input line 4040.
Package hyperref Info: Option `colorlinks' set `true' on input line 4040.
Package hyperref Info: Option `breaklinks' set `true' on input line 4040.
Package hyperref Info: Hyper figures OFF on input line 4157.
Package hyperref Info: Link nesting OFF on input line 4162.
Package hyperref Info: Hyper index OFF on input line 4167.
Package hyperref Info: Plain pages OFF on input line 4172.
Package hyperref Info: Backreferencing OFF on input line 4177.
Package hyperref Info: Implicit mode ON; LaTeX internals redefined.
Package hyperref Info: Bookmarks ON on input line 4424.
\c@Hy@tempcnt=\count364

(C:\Users\indro\AppData\Local\Programs\MiKTeX\tex/latex/url\url.sty
\Urlmuskip=\muskip18
Package: url 2013/09/16  ver 3.4  Verb mode for urls, etc.
)
LaTeX Info: Redefining \url on input line 4763.
\XeTeXLinkMargin=\dimen364

(C:\Users\indro\AppData\Local\Programs\MiKTeX\tex/generic/bitset\bitset.sty
Package: bitset 2019/12/09 v1.3 Handle bit-vector datatype (HO)

(C:\Users\indro\AppData\Local\Programs\MiKTeX\tex/generic/bigintcalc\bigintcalc
.sty
Package: bigintcalc 2019/12/15 v1.5 Expandable calculations on big integers (HO
)
))
\Fld@menulength=\count365
\Field@Width=\dimen365
\Fld@charsize=\dimen366
Package hyperref Info: Hyper figures OFF on input line 6042.
Package hyperref Info: Link nesting OFF on input line 6047.
Package hyperref Info: Hyper index OFF on input line 6052.
Package hyperref Info: backreferencing OFF on input line 6057.
Package hyperref Info: Link coloring ON on input line 6060.
Package hyperref Info: Link coloring with OCG OFF on input line 6067.
Package hyperref Info: PDF/A mode OFF on input line 6072.

(C:\Users\indro\AppData\Local\Programs\MiKTeX\tex/latex/base\atbegshi-ltx.sty
Package: atbegshi-ltx 2021/01/10 v1.0c Emulation of the original atbegshi
package with kernel methods
)
\Hy@abspage=\count366
\c@Item=\count367
\c@Hfootnote=\count368
)
Package hyperref Info: Driver (autodetected): hxetex.
(C:\Users\indro\AppData\Local\Programs\MiKTeX\tex/latex/hyperref\hxetex.def
File: hxetex.def 2024-05-23 v7.01i Hyperref driver for XeTeX
\pdfm@box=\box134
\c@Hy@AnnotLevel=\count369
\HyField@AnnotCount=\count370
\Fld@listcount=\count371
\c@bookmark@seq@number=\count372

(C:\Users\indro\AppData\Local\Programs\MiKTeX\tex/latex/rerunfilecheck\rerunfil
echeck.sty
Package: rerunfilecheck 2022-07-10 v1.10 Rerun checks for auxiliary files (HO)

(C:\Users\indro\AppData\Local\Programs\MiKTeX\tex/latex/base\atveryend-ltx.sty
Package: atveryend-ltx 2020/08/19 v1.0a Emulation of the original atveryend pac
kage
with kernel methods
)
(C:\Users\indro\AppData\Local\Programs\MiKTeX\tex/generic/uniquecounter\uniquec
ounter.sty
Package: uniquecounter 2019/12/15 v1.4 Provide unlimited unique counter (HO)
)
Package uniquecounter Info: New unique counter `rerunfilecheck' on input line 2
85.
)
\Hy@SectionHShift=\skip87
)
(C:\Users\indro\AppData\Local\Programs\MiKTeX\tex/latex/oberdiek\hypcap.sty
Package: hypcap 2016/05/16 v1.12 Adjusting the anchors of captions (HO)

(C:\Users\indro\AppData\Local\Programs\MiKTeX\tex/latex/letltxmacro\letltxmacro
.sty
Package: letltxmacro 2019/12/03 v1.6 Let assignment for LaTeX macros (HO)
)) (sphinxmessages.sty
Package: sphinxmessages 2019/01/04 v2.0 Localized LaTeX macros (Sphinx team)
)
(C:\Users\indro\AppData\Local\Programs\MiKTeX\tex/xelatex/ucharclasses\ucharcla
sses.sty
Package: ucharclasses 2022/10/20 v2.6.0 Unicode block character classes for XeL
aTeX

(C:\Users\indro\AppData\Local\Programs\MiKTeX\tex/generic/iftex\ifxetex.sty
Package: ifxetex 2019/10/25 v0.7 ifxetex legacy package. Use iftex instead.
)
\AlphabeticPresentationFormsClass=\XeTeXcharclass1
\BasicLatinClass=\XeTeXcharclass2
\CopticClass=\XeTeXcharclass3
\GreekAndCopticClass=\XeTeXcharclass4
\GreekExtendedClass=\XeTeXcharclass5
\LatinExtendedAdditionalClass=\XeTeXcharclass6
\LatinExtendedAClass=\XeTeXcharclass7
\LatinExtendedBClass=\XeTeXcharclass8
\LatinExtendedCClass=\XeTeXcharclass9
\LatinExtendedDClass=\XeTeXcharclass10
\LatinSupplementClass=\XeTeXcharclass11
\CopticEpactNumbersClass=\XeTeXcharclass12
\LatinExtendedEClass=\XeTeXcharclass13
\LatinExtendedFClass=\XeTeXcharclass14
\LatinExtendedGClass=\XeTeXcharclass15
)
(C:\Users\indro\AppData\Local\Programs\MiKTeX\tex/latex/unicode-math\unicode-ma
th.sty
Package: unicode-math 2023/08/13 v0.8r Unicode maths in XeLaTeX and LuaLaTeX

(C:\Users\indro\AppData\Local\Programs\MiKTeX\tex/latex/unicode-math\unicode-ma
th-xetex.sty
Package: unicode-math-xetex 2023/08/13 v0.8r Unicode maths in XeLaTeX and LuaLa
TeX

(C:\Users\indro\AppData\Local\Programs\MiKTeX\tex/latex/l3packages/l3keys2e\l3k
eys2e.sty
Package: l3keys2e 2024-05-08 LaTeX2e option processing using LaTeX3 keys
)
(C:\Users\indro\AppData\Local\Programs\MiKTeX\tex/latex/base\fix-cm.sty
Package: fix-cm 2020/11/24 v1.1t fixes to LaTeX

(C:\Users\indro\AppData\Local\Programs\MiKTeX\tex/latex/base\ts1enc.def
File: ts1enc.def 2001/06/05 v3.0e (jk/car/fm) Standard LaTeX file
LaTeX Font Info:    Redeclaring font encoding TS1 on input line 47.
))
\g__um_fam_int=\count373
\g__um_fonts_used_int=\count374
\l__um_primecount_int=\count375
\g__um_primekern_muskip=\muskip19

(C:\Users\indro\AppData\Local\Programs\MiKTeX\tex/latex/unicode-math\unicode-ma
th-table.tex)))
Package hyperref Info: Option `psdextra' set `true' on input line 85.

(C:\Users\indro\AppData\Local\Programs\MiKTeX\tex/latex/hyperref\psdextra.def
File: psdextra.def 2024-05-23 v7.01i Hyperref: Additions to PDF string support
)
\@indexfile=\write5
\openout5 = `book.idx'.


Writing index file book.idx
(book.aux)
\openout1 = `book.aux'.

LaTeX Font Info:    Checking defaults for OML/cmm/m/it on input line 96.
LaTeX Font Info:    ... okay on input line 96.
LaTeX Font Info:    Checking defaults for OMS/cmsy/m/n on input line 96.
LaTeX Font Info:    ... okay on input line 96.
LaTeX Font Info:    Checking defaults for OT1/cmr/m/n on input line 96.
LaTeX Font Info:    ... okay on input line 96.
LaTeX Font Info:    Checking defaults for T1/cmr/m/n on input line 96.
LaTeX Font Info:    ... okay on input line 96.
LaTeX Font Info:    Checking defaults for TS1/cmr/m/n on input line 96.
LaTeX Font Info:    ... okay on input line 96.
LaTeX Font Info:    Checking defaults for TU/lmr/m/n on input line 96.
LaTeX Font Info:    ... okay on input line 96.
LaTeX Font Info:    Checking defaults for OMX/cmex/m/n on input line 96.
LaTeX Font Info:    ... okay on input line 96.
LaTeX Font Info:    Checking defaults for U/cmr/m/n on input line 96.
LaTeX Font Info:    ... okay on input line 96.
LaTeX Font Info:    Checking defaults for PD1/pdf/m/n on input line 96.
LaTeX Font Info:    ... okay on input line 96.
LaTeX Font Info:    Checking defaults for PU/pdf/m/n on input line 96.
LaTeX Font Info:    ... okay on input line 96.


Package pgfplots Warning: running in backwards compatibility mode (unsuitable t
ick labels; missing features). Consider writing \pgfplotsset{compat=1.18} into 
your preamble.
 on input line 96.

\c@literalblock=\count376
*geometry* driver: auto-detecting
*geometry* detected driver: xetex
*geometry* verbose mode - [ preamble ] result:
* driver: xetex
* paper: letterpaper
* layout: <same size as paper>
* layoutoffset:(h,v)=(0.0pt,0.0pt)
* modes: twoside 
* h-part:(L,W,R)=(72.26999pt, 469.75502pt, 72.26999pt)
* v-part:(T,H,B)=(72.26999pt, 650.43001pt, 72.26999pt)
* \paperwidth=614.295pt
* \paperheight=794.96999pt
* \textwidth=469.75502pt
* \textheight=650.43001pt
* \oddsidemargin=0.0pt
* \evensidemargin=0.0pt
* \topmargin=-37.0pt
* \headheight=12.0pt
* \headsep=25.0pt
* \topskip=10.0pt
* \footskip=30.0pt
* \marginparwidth=36.135pt
* \marginparsep=11.0pt
* \columnsep=10.0pt
* \skip\footins=9.0pt plus 4.0pt minus 2.0pt
* \hoffset=0.0pt
* \voffset=0.0pt
* \mag=1000
* \@twocolumnfalse
* \@twosidetrue
* \@mparswitchtrue
* \@reversemarginfalse
* (1in=72.27pt=25.4mm, 1cm=28.453pt)

Package hyperref Info: Link coloring ON on input line 96.
(book.out) (book.out)
\@outlinefile=\write6
\openout6 = `book.out'.

LaTeX Font Info:    Overwriting math alphabet `\mathrm' in version `normal'
(Font)                  OT1/cmr/m/n --> TU/FreeSerif(0)/m/n on input line 96.
LaTeX Font Info:    Overwriting math alphabet `\mathit' in version `normal'
(Font)                  OT1/cmr/m/it --> TU/FreeSerif(0)/m/it on input line 96.

LaTeX Font Info:    Overwriting math alphabet `\mathbf' in version `normal'
(Font)                  OT1/cmr/bx/n --> TU/FreeSerif(0)/b/n on input line 96.
LaTeX Font Info:    Overwriting math alphabet `\mathsf' in version `normal'
(Font)                  OT1/cmss/m/n --> TU/FreeSans(0)/m/n on input line 96.
LaTeX Font Info:    Overwriting math alphabet `\mathsf' in version `bold'
(Font)                  OT1/cmss/bx/n --> TU/FreeSans(0)/b/n on input line 96.
LaTeX Font Info:    Overwriting math alphabet `\mathtt' in version `normal'
(Font)                  OT1/cmtt/m/n --> TU/FreeMono(0)/m/n on input line 96.
LaTeX Font Info:    Overwriting math alphabet `\mathtt' in version `bold'
(Font)                  OT1/cmtt/m/n --> TU/FreeMono(0)/b/n on input line 96.

Package fontspec Info: 
(fontspec)             Font family 'latinmodern-math.otf(0)' created for font
(fontspec)             'latinmodern-math.otf' with options
(fontspec)             [BoldItalicFont={},ItalicFont={},SmallCapsFont={},Script
=Math,BoldFont={latinmodern-math.otf}].
(fontspec)              
(fontspec)              This font family consists of the following NFSS
(fontspec)             series/shapes:
(fontspec)              
(fontspec)             - 'normal' (m/n) with NFSS spec.:
(fontspec)             <->"[latinmodern-math.otf]/OT:script=math;language=dflt;
"
(fontspec)             - 'bold' (b/n) with NFSS spec.:
(fontspec)             <->"[latinmodern-math.otf]/OT:script=math;language=dflt;
"


Package fontspec Info: 
(fontspec)             Font family 'latinmodern-math.otf(1)' created for font
(fontspec)             'latinmodern-math.otf' with options
(fontspec)             [BoldItalicFont={},ItalicFont={},SmallCapsFont={},Script
=Math,SizeFeatures={{Size=8.5-},{Size=6-8.5,Font=latinmodern-math.otf,Style=Mat
hScript},{Size=-6,Font=latinmodern-math.otf,Style=MathScriptScript}},BoldFont={
latinmodern-math.otf}].
(fontspec)              
(fontspec)              This font family consists of the following NFSS
(fontspec)             series/shapes:
(fontspec)              
(fontspec)             - 'normal' (m/n) with NFSS spec.:
(fontspec)             <8.5->"[latinmodern-math.otf]/OT:script=math;language=df
lt;"<6-8.5>"[latinmodern-math.otf]/OT:script=math;language=dflt;+ssty=0;"<-6>"[
latinmodern-math.otf]/OT:script=math;language=dflt;+ssty=1;"
(fontspec)             - 'bold' (b/n) with NFSS spec.:
(fontspec)             <->"[latinmodern-math.otf]/OT:script=math;language=dflt;
"

LaTeX Font Info:    Encoding `OT1' has changed to `TU' for symbol font
(Font)              `operators' in the math version `normal' on input line 96.
LaTeX Font Info:    Overwriting symbol font `operators' in version `normal'
(Font)                  OT1/cmr/m/n --> TU/latinmodern-math.otf(1)/m/n on input
 line 96.
LaTeX Font Info:    Encoding `OT1' has changed to `TU' for symbol font
(Font)              `operators' in the math version `bold' on input line 96.
LaTeX Font Info:    Overwriting symbol font `operators' in version `bold'
(Font)                  OT1/cmr/bx/n --> TU/latinmodern-math.otf(1)/b/n on inpu
t line 96.

Package fontspec Info: 
(fontspec)             latinmodern-math scale = 1.0001.


Package fontspec Info: 
(fontspec)             latinmodern-math scale = 1.0001.


Package fontspec Info: 
(fontspec)             latinmodern-math scale = 1.0001.


Package fontspec Info: 
(fontspec)             latinmodern-math scale = 1.0001.


Package fontspec Info: 
(fontspec)             latinmodern-math scale = 1.0001.


Package fontspec Info: 
(fontspec)             Font family 'latinmodern-math.otf(2)' created for font
(fontspec)             'latinmodern-math.otf' with options
(fontspec)             [BoldItalicFont={},ItalicFont={},SmallCapsFont={},Script
=Math,SizeFeatures={{Size=8.5-},{Size=6-8.5,Font=latinmodern-math.otf,Style=Mat
hScript},{Size=-6,Font=latinmodern-math.otf,Style=MathScriptScript}},BoldFont={
latinmodern-math.otf},ScaleAgain=1.0001,FontAdjustment={\fontdimen
(fontspec)             8\font =6.77pt\relax \fontdimen 9\font =3.94pt\relax
(fontspec)             \fontdimen 10\font =4.44pt\relax \fontdimen 11\font
(fontspec)             =6.86pt\relax \fontdimen 12\font =3.45pt\relax
(fontspec)             \fontdimen 13\font =3.63pt\relax \fontdimen 14\font
(fontspec)             =3.63pt\relax \fontdimen 15\font =2.89pt\relax
(fontspec)             \fontdimen 16\font =2.47pt\relax \fontdimen 17\font
(fontspec)             =2.47pt\relax \fontdimen 18\font =2.5pt\relax
(fontspec)             \fontdimen 19\font =2.0pt\relax \fontdimen 22\font
(fontspec)             =2.5pt\relax \fontdimen 20\font =0pt\relax \fontdimen
(fontspec)             21\font =0pt\relax }].
(fontspec)              
(fontspec)              This font family consists of the following NFSS
(fontspec)             series/shapes:
(fontspec)              
(fontspec)             - 'normal' (m/n) with NFSS spec.:
(fontspec)             <8.5->s*[1.0001]"[latinmodern-math.otf]/OT:script=math;l
anguage=dflt;"<6-8.5>s*[1.0001]"[latinmodern-math.otf]/OT:script=math;language=
dflt;+ssty=0;"<-6>s*[1.0001]"[latinmodern-math.otf]/OT:script=math;language=dfl
t;+ssty=1;"
(fontspec)             - 'bold' (b/n) with NFSS spec.:
(fontspec)             <->s*[1.0001]"[latinmodern-math.otf]/OT:script=math;lang
uage=dflt;"

LaTeX Font Info:    Encoding `OMS' has changed to `TU' for symbol font
(Font)              `symbols' in the math version `normal' on input line 96.
LaTeX Font Info:    Overwriting symbol font `symbols' in version `normal'
(Font)                  OMS/cmsy/m/n --> TU/latinmodern-math.otf(2)/m/n on inpu
t line 96.
LaTeX Font Info:    Encoding `OMS' has changed to `TU' for symbol font
(Font)              `symbols' in the math version `bold' on input line 96.
LaTeX Font Info:    Overwriting symbol font `symbols' in version `bold'
(Font)                  OMS/cmsy/b/n --> TU/latinmodern-math.otf(2)/b/n on inpu
t line 96.

Package fontspec Info: 
(fontspec)             latinmodern-math scale = 0.9999.


Package fontspec Info: 
(fontspec)             latinmodern-math scale = 0.9999.


Package fontspec Info: 
(fontspec)             latinmodern-math scale = 0.9999.


Package fontspec Info: 
(fontspec)             latinmodern-math scale = 0.9999.


Package fontspec Info: 
(fontspec)             latinmodern-math scale = 0.9999.


Package fontspec Info: 
(fontspec)             Font family 'latinmodern-math.otf(3)' created for font
(fontspec)             'latinmodern-math.otf' with options
(fontspec)             [BoldItalicFont={},ItalicFont={},SmallCapsFont={},Script
=Math,SizeFeatures={{Size=8.5-},{Size=6-8.5,Font=latinmodern-math.otf,Style=Mat
hScript},{Size=-6,Font=latinmodern-math.otf,Style=MathScriptScript}},BoldFont={
latinmodern-math.otf},ScaleAgain=0.9999,FontAdjustment={\fontdimen
(fontspec)             8\font =0.4pt\relax \fontdimen 9\font =2.0pt\relax
(fontspec)             \fontdimen 10\font =1.67pt\relax \fontdimen 11\font
(fontspec)             =1.11pt\relax \fontdimen 12\font =6.0pt\relax
(fontspec)             \fontdimen 13\font =0pt\relax }].
(fontspec)              
(fontspec)              This font family consists of the following NFSS
(fontspec)             series/shapes:
(fontspec)              
(fontspec)             - 'normal' (m/n) with NFSS spec.:
(fontspec)             <8.5->s*[0.9999]"[latinmodern-math.otf]/OT:script=math;l
anguage=dflt;"<6-8.5>s*[0.9999]"[latinmodern-math.otf]/OT:script=math;language=
dflt;+ssty=0;"<-6>s*[0.9999]"[latinmodern-math.otf]/OT:script=math;language=dfl
t;+ssty=1;"
(fontspec)             - 'bold' (b/n) with NFSS spec.:
(fontspec)             <->s*[0.9999]"[latinmodern-math.otf]/OT:script=math;lang
uage=dflt;"

LaTeX Font Info:    Encoding `OMX' has changed to `TU' for symbol font
(Font)              `largesymbols' in the math version `normal' on input line 9
6.
LaTeX Font Info:    Overwriting symbol font `largesymbols' in version `normal'
(Font)                  OMX/cmex/m/n --> TU/latinmodern-math.otf(3)/m/n on inpu
t line 96.
LaTeX Font Info:    Encoding `OMX' has changed to `TU' for symbol font
(Font)              `largesymbols' in the math version `bold' on input line 96.

LaTeX Font Info:    Overwriting symbol font `largesymbols' in version `bold'
(Font)                  OMX/cmex/m/n --> TU/latinmodern-math.otf(3)/b/n on inpu
t line 96.
LaTeX Info: Redefining \rmfamily on input line 96.
LaTeX Info: Redefining \sffamily on input line 96.
LaTeX Info: Redefining \ttfamily on input line 96.
Package hyperref Info: Option `pageanchor' set `false' on input line 99.

(C:\Users\indro\AppData\Local\Programs\MiKTeX\tex/generic/stringenc\se-ascii-pr
int.def
File: se-ascii-print.def 2019/11/29 v1.12 stringenc: Printable ASCII characters

)
LaTeX Font Info:    Font shape `TU/latinmodern-math.otf(2)/m/n' will be
(Font)              scaled to size 17.28183pt on input line 99.
LaTeX Font Info:    Font shape `TU/latinmodern-math.otf(2)/m/n' will be
(Font)              scaled to size 12.00128pt on input line 99.
LaTeX Font Info:    Font shape `TU/latinmodern-math.otf(2)/m/n' will be
(Font)              scaled to size 10.00107pt on input line 99.
LaTeX Font Info:    Font shape `TU/latinmodern-math.otf(3)/m/n' will be
(Font)              scaled to size 17.27815pt on input line 99.
LaTeX Font Info:    Font shape `TU/latinmodern-math.otf(3)/m/n' will be
(Font)              scaled to size 11.99872pt on input line 99.
LaTeX Font Info:    Font shape `TU/latinmodern-math.otf(3)/m/n' will be
(Font)              scaled to size 9.99893pt on input line 99.
LaTeX Font Info:    Trying to load font information for U+msa on input line 99.


(C:\Users\indro\AppData\Local\Programs\MiKTeX\tex/latex/amsfonts\umsa.fd
File: umsa.fd 2013/01/14 v3.01 AMS symbols A
)
LaTeX Font Info:    Trying to load font information for U+msb on input line 99.


(C:\Users\indro\AppData\Local\Programs\MiKTeX\tex/latex/amsfonts\umsb.fd
File: umsb.fd 2013/01/14 v3.01 AMS symbols B
)
LaTeX Font Info:    Trying to load font information for U+rsfs on input line 99
.

(C:\Users\indro\AppData\Local\Programs\MiKTeX\tex/latex/jknappen\ursfs.fd
File: ursfs.fd 1998/03/24 rsfs font definition file (jk)
)

[1

]

[2


] (book.toc
LaTeX Info: Redefining \rmfamily on input line 1.
LaTeX Info: Redefining \sffamily on input line 1.
LaTeX Info: Redefining \ttfamily on input line 1.
LaTeX Font Info:    Font shape `TU/latinmodern-math.otf(2)/m/n' will be
(Font)              scaled to size 7.00075pt on input line 5.
LaTeX Font Info:    Font shape `TU/latinmodern-math.otf(2)/m/n' will be
(Font)              scaled to size 5.00053pt on input line 5.
LaTeX Font Info:    Font shape `TU/latinmodern-math.otf(3)/m/n' will be
(Font)              scaled to size 6.99925pt on input line 5.
LaTeX Font Info:    Font shape `TU/latinmodern-math.otf(3)/m/n' will be
(Font)              scaled to size 4.99947pt on input line 5.
)
\tf@toc=\write7
\openout7 = `book.toc'.



[1

]

[2

]

[1]

[2

]
Chapter 1.


[3]

[4

]
Chapter 2.


[5]

[6]
Chapter 3.

Underfull \hbox (badness 10000) in paragraph at lines 451--451
[]\TU/FreeSans(0)/m/n/10 Microstruc-
 []


Underfull \hbox (badness 10000) in paragraph at lines 451--451
[]\TU/FreeSans(0)/m/n/10 9Cr RAFM
 []


Underfull \hbox (badness 6396) in paragraph at lines 451--451
[]\TU/FreeSans(0)/m/n/10 9-20Cr NFA/ODS al-
 []


Underfull \hbox (badness 10000) in paragraph at lines 451--451
[]\TU/FreeSerif(0)/m/n/10 Coarse parti-
 []


Underfull \hbox (badness 7047) in paragraph at lines 451--451
[]\TU/FreeSerif(0)/m/n/10 70-300 ($[][][][]$, TaN,
 []


Underfull \hbox (badness 7047) in paragraph at lines 451--451
[]\TU/FreeSerif(0)/m/n/10 70-150 ($[][][][]$, TaN,
 []


Underfull \hbox (badness 10000) in paragraph at lines 451--451
[]\TU/FreeSerif(0)/m/n/10 50-100 (TiN,
 []


Underfull \hbox (badness 10000) in paragraph at lines 451--451
[]\TU/FreeSerif(0)/m/n/10 200-500 (only in
 []



[7

]

[8]
Chapter 4.


[9

]
File: f498734b52932f77f310abed8ed3dcd4c1512c6683cb41e06e9bce45f9841129.png Grap
hic file (type bmp)
<f498734b52932f77f310abed8ed3dcd4c1512c6683cb41e06e9bce45f9841129.png>


[10]

[11]
File: d9996454d2b06ba27e7fe60cdd837b2f1efbaf25898106e3b9f5bcc7f720eef5.png Grap
hic file (type bmp)
<d9996454d2b06ba27e7fe60cdd837b2f1efbaf25898106e3b9f5bcc7f720eef5.png>


[12]
File: 50e2a85bcb59796c3004728e9c70da9f8f9c606b0b80771008b5746821dd7a42.png Grap
hic file (type bmp)
<50e2a85bcb59796c3004728e9c70da9f8f9c606b0b80771008b5746821dd7a42.png>


[13]
File: 6c97c9330451716fe2b3db02a1f8d85e233735cd30518586ab1c470af46e909b.png Grap
hic file (type bmp)
<6c97c9330451716fe2b3db02a1f8d85e233735cd30518586ab1c470af46e909b.png>


[14]

[15]
File: bd8d594eadf829ecca3e11f85bf39484bbc3621b7f56899d6aa9dd5e5aed9902.png Grap
hic file (type bmp)
<bd8d594eadf829ecca3e11f85bf39484bbc3621b7f56899d6aa9dd5e5aed9902.png>


[16]
Overfull \vbox (2.98596pt too high) detected at line 1027
 []



[17]
File: bb487872770cd605aef2e3e6d534f9e5bae1db1d315d89e0ada61a3861cc3eda.png Grap
hic file (type bmp)
<bb487872770cd605aef2e3e6d534f9e5bae1db1d315d89e0ada61a3861cc3eda.png>


[18]
Chapter 5.


[19

]
File: 33b7734e79571c6fb9c652cb33218afd3d2197cf61a196d10775b54cddc827cf.png Grap
hic file (type bmp)
<33b7734e79571c6fb9c652cb33218afd3d2197cf61a196d10775b54cddc827cf.png>


[20]
File: 320e2b45a51e9f646d2947f963860e8c3bb90fd5541620c5d9b88ddd254a8c43.png Grap
hic file (type bmp)
<320e2b45a51e9f646d2947f963860e8c3bb90fd5541620c5d9b88ddd254a8c43.png>


[21]

[22]
Overfull \vbox (2.98596pt too high) detected at line 1296
 []



[23]

[24]
File: 2e56a847800479e8bee8d3e246d64772a2d09348c2df1dcbe8599f8240477361.png Grap
hic file (type bmp)
<2e56a847800479e8bee8d3e246d64772a2d09348c2df1dcbe8599f8240477361.png>


[25]
Overfull \vbox (0.68135pt too high) detected at line 1401
 []



[26]
Overfull \vbox (2.98596pt too high) detected at line 1437
 []



[27]

[28]
Overfull \hbox (10.29689pt too wide) detected at line 1483
[]
 []


Overfull \hbox (20.0pt too wide) detected at line 1483
[]
 []


Overfull \hbox (12.3769pt too wide) detected at line 1485
[]
 []


Overfull \hbox (20.0pt too wide) detected at line 1485
[]
 []

File: 3f7322daf157c616ce5132b7ef489d9eb852ceebfa68b9e5299515d01c8a3cfa.png Grap
hic file (type bmp)
<3f7322daf157c616ce5132b7ef489d9eb852ceebfa68b9e5299515d01c8a3cfa.png>


[29]

[30]

[31]
Overfull \hbox (16.39291pt too wide) detected at line 1621
[]
 []


Overfull \hbox (20.0pt too wide) detected at line 1621
[]
 []


Overfull \hbox (12.43289pt too wide) detected at line 1623
[]
 []


Overfull \hbox (20.0pt too wide) detected at line 1623
[]
 []

File: 0f892fdb6fb4d916118d0c1e58ede112350c3f986dbe9799f1cfe647b3dd55a3.png Grap
hic file (type bmp)
<0f892fdb6fb4d916118d0c1e58ede112350c3f986dbe9799f1cfe647b3dd55a3.png>


[32]

[33]

[34]
Overfull \hbox (42.60872pt too wide) detected at line 1763
[]
 []


Overfull \hbox (20.0pt too wide) detected at line 1763
[]
 []


Overfull \hbox (34.53073pt too wide) detected at line 1765
[]
 []


Overfull \hbox (20.0pt too wide) detected at line 1765
[]
 []

File: 2934d134b3651e6f89fd56b89b508a10d4f3675f809ea23d2899b3c15bf78d61.png Grap
hic file (type bmp)
<2934d134b3651e6f89fd56b89b508a10d4f3675f809ea23d2899b3c15bf78d61.png>


[35]

[36]
Underfull \vbox (badness 10000) detected at line 1846
 []


Underfull \vbox (badness 10000) detected at line 1846
 []



[37]
File: 7837053cd6d938831ac24a7f56766a271e751c43bbd86a07ca977508b909dcd8.png Grap
hic file (type bmp)
<7837053cd6d938831ac24a7f56766a271e751c43bbd86a07ca977508b909dcd8.png>

Overfull \vbox (2.9812pt too high) detected at line 1881
 []



[38]
File: 00cd4d13830bcb234b2c20321c11a1827859111138176884108a6c320a19c275.png Grap
hic file (type bmp)
<00cd4d13830bcb234b2c20321c11a1827859111138176884108a6c320a19c275.png>


[39]
File: a1b6fac9d7d72cd261c134671f58930e82753a202eb5c6ef4f2e3fe83765ca89.png Grap
hic file (type bmp)
<a1b6fac9d7d72cd261c134671f58930e82753a202eb5c6ef4f2e3fe83765ca89.png>


[40]
File: 9174c4b87c840b54fe653997aa1d65b330d53f406a1b28e56d198489a7818a0d.png Grap
hic file (type bmp)
<9174c4b87c840b54fe653997aa1d65b330d53f406a1b28e56d198489a7818a0d.png>

Overfull \vbox (2.0829pt too high) detected at line 2021
 []



[41]

[42]
File: e6bc0e7edf442b7d852a39a9e369b9e4718b663895910a458114626d262af88f.png Grap
hic file (type bmp)
<e6bc0e7edf442b7d852a39a9e369b9e4718b663895910a458114626d262af88f.png>
File: 0f3a7925ba51be91c31bf39d4fd1f2bbbe24164ef61f6be294af7f824ed3c57d.png Grap
hic file (type bmp)
<0f3a7925ba51be91c31bf39d4fd1f2bbbe24164ef61f6be294af7f824ed3c57d.png>


[43]

[44]
Underfull \hbox (badness 6110) in paragraph at lines 2306--2310
\TU/FreeSerif(0)/m/n/10 on the pre-exponential factor $[][]$ and on the activat
ion energy $[][]$. Similarly, for Coble creep we
 []


Overfull \hbox (60.2049pt too wide) in paragraph at lines 2306--2310
[][][][][][][][][][][][][][][][][][][][][][][][][][][][][][][][][][][][][][][][
][][][][][][][][][][][][][][][][][][][][][][][][][][][][][][][][][][]$\TU/FreeS
erif(0)/m/n/10 \dot{\varepsilon}\TU/FreeSerif(0)/m/it/10 {3}+\dot{\varepsilon}\
TU/FreeSerif(0)/m/n/10 {4}$. 
 []



[45]
Underfull \hbox (badness 10000) in paragraph at lines 2333--2346
[]\TU/FreeSerif(0)/m/n/10 First, define the functions: \begin{eqnarray} F_1&=& 
0.5-2600/T\ F_2&=& 1+50/T\ F_3&=& -5.7-
 []


Underfull \hbox (badness 10000) in paragraph at lines 2333--2346
\TU/FreeSerif(0)/m/n/10 5562.28/T\ m&=&2\times 10^{-6}\ \sigma_0&=& 0.025\sigma
+0.0055\sigma^2\ \dot\varepsilon_p&=&
 []


Underfull \hbox (badness 10000) in paragraph at lines 2333--2346
\TU/FreeSerif(0)/m/n/10 10^{(F_1+F_2\log(\sigma))}\ \dot\varepsilon_s&=&10^{(F_
3+2.5\log(\sigma-\sigma_0))}\ \varepsilon&=&
 []



[46]
Overfull \vbox (2.98596pt too high) detected at line 2436
 []



[47]
File: 5907a9d21049950f222b734c33e0d4cd7ee1bce9c954991906546acf54b55aa2.png Grap
hic file (type bmp)
<5907a9d21049950f222b734c33e0d4cd7ee1bce9c954991906546acf54b55aa2.png>


[48]
Underfull \hbox (badness 10000) in paragraph at lines 2478--2490
[]\TU/FreeSerif(0)/b/n/10 Primary regime: \TU/FreeSerif(0)/m/n/10 The referenc
e point coordinates: \begin{eqnarray} \tau_0&=&-3\ e_0&=&
 []


Underfull \hbox (badness 10000) in paragraph at lines 2478--2490
\TU/FreeSerif(0)/m/n/10 a_0+b_0(\sigma-100)+c_0(T-873) \end{eqnarray} The prim
ary point coordinates: \begin{eqnarray}
 []



[49]
Underfull \hbox (badness 10000) in paragraph at lines 2690--2702
[]\TU/FreeSerif(0)/m/n/10 The three linear equations for the creep rates are gi
ven by the following: \begin{eqnarray}
 []


Underfull \hbox (badness 10000) in paragraph at lines 2690--2702
\TU/FreeSerif(0)/m/n/10 a_3\tau_r\ e_p(\tau)&=&a_1\tau+b_1\ e_s(\tau)&=&e_s\qua
d=\mbox{const.}\ e_t(\tau)&=&a_3\tau+b_3\
 []



[50]
Underfull \vbox (badness 10000) detected at line 2867
 []


Underfull \vbox (badness 10000) detected at line 2867
 []



[51]
Underfull \vbox (badness 10000) detected at line 2867
 []


Underfull \vbox (badness 10000) detected at line 2867
 []



[52]
Underfull \vbox (badness 10000) detected at line 2867
 []


Underfull \vbox (badness 10000) detected at line 2867
 []



[53]
Overfull \vbox (2.98596pt too high) detected at line 3337
 []



[54]
Underfull \vbox (badness 10000) detected at line 3337
 []


Underfull \vbox (badness 10000) detected at line 3337
 []



[55]
Underfull \vbox (badness 10000) detected at line 3337
 []


Underfull \vbox (badness 10000) detected at line 3337
 []



[56]
Underfull \vbox (badness 10000) detected at line 3337
 []


Underfull \vbox (badness 10000) detected at line 3337
 []



[57]
Underfull \vbox (badness 10000) detected at line 3337
 []


Underfull \vbox (badness 10000) detected at line 3337
 []



[58]
Underfull \vbox (badness 10000) detected at line 3337
 []


Underfull \vbox (badness 10000) detected at line 3337
 []



[59]
Underfull \vbox (badness 10000) detected at line 3337
 []


Underfull \vbox (badness 10000) detected at line 3337
 []



[60]
Underfull \vbox (badness 10000) detected at line 3337
 []


Underfull \vbox (badness 10000) detected at line 3337
 []



[61]
Underfull \vbox (badness 10000) detected at line 3337
 []


Underfull \vbox (badness 10000) detected at line 3337
 []



[62]
Underfull \vbox (badness 10000) detected at line 3337
 []


Underfull \vbox (badness 10000) detected at line 3337
 []



[63]
Underfull \vbox (badness 10000) detected at line 3337
 []


Underfull \vbox (badness 10000) detected at line 3337
 []



[64]
Underfull \vbox (badness 10000) detected at line 3337
 []


Underfull \vbox (badness 10000) detected at line 3337
 []



[65]
Underfull \vbox (badness 10000) detected at line 3337
 []


Underfull \vbox (badness 10000) detected at line 3337
 []



[66]
Underfull \vbox (badness 10000) detected at line 3337
 []


Underfull \vbox (badness 10000) detected at line 3337
 []



[67]
Underfull \vbox (badness 10000) detected at line 3337
 []


Underfull \vbox (badness 10000) detected at line 3337
 []



[68]
Underfull \vbox (badness 10000) detected at line 3337
 []


Underfull \vbox (badness 10000) detected at line 3337
 []



[69]
File: 44906d08dbc3527346bcc609f1210a11019ea77a3ea54ec76dae809d69e52a27.png Grap
hic file (type bmp)
<44906d08dbc3527346bcc609f1210a11019ea77a3ea54ec76dae809d69e52a27.png>


[70]
File: 746f3a99bcced91067005b088d9db881ec62b11cca1e4ad0eeeaa663577f7309.png Grap
hic file (type bmp)
<746f3a99bcced91067005b088d9db881ec62b11cca1e4ad0eeeaa663577f7309.png>


[71]
Underfull \vbox (badness 10000) detected at line 3454
 []


Underfull \vbox (badness 10000) detected at line 3454
 []



[72]
Underfull \vbox (badness 10000) detected at line 3454
 []


Underfull \vbox (badness 10000) detected at line 3454
 []



[73]
File: bee5d95790f3f7cd4b3052bbc5e09152fd8745f3ff5d0420eb4afde9882ce4c2.png Grap
hic file (type bmp)
<bee5d95790f3f7cd4b3052bbc5e09152fd8745f3ff5d0420eb4afde9882ce4c2.png>
File: a5a9609cfce08d4d1f6df79eb4e37f088f3403c1688e4773338bec05a4ae3cda.png Grap
hic file (type bmp)
<a5a9609cfce08d4d1f6df79eb4e37f088f3403c1688e4773338bec05a4ae3cda.png>


[74]
Overfull \vbox (1.68135pt too high) detected at line 3553
 []



[75]
Underfull \vbox (badness 10000) detected at line 3553
 []


Underfull \vbox (badness 10000) detected at line 3553
 []



[76]
Overfull \vbox (2.98596pt too high) detected at line 3615
 []



[77]
File: 37a82f0c0a72cde093138e77be2c519b6935acc6ff8a443cd59c38fa57730f67.png Grap
hic file (type bmp)
<37a82f0c0a72cde093138e77be2c519b6935acc6ff8a443cd59c38fa57730f67.png>


[78]
File: 40e424e5b1bac2230a94a9b62e81589f34da1d7dcb42d5f4b7139dd47885d579.png Grap
hic file (type bmp)
<40e424e5b1bac2230a94a9b62e81589f34da1d7dcb42d5f4b7139dd47885d579.png>


[79]
Underfull \hbox (badness 10000) in paragraph at lines 3671--3686
\TU/FreeSerif(0)/m/n/10 10^{11}-3.5521\times 10^7T-5.87\times 10^3T^2\ \varepsi
lon_f&=&0.01(62.09-0.2306T+0.0003032T^2-
 []



[80]
Underfull \vbox (badness 10000) detected at line 3792
 []


Underfull \vbox (badness 10000) detected at line 3792
 []



[81]
Underfull \vbox (badness 10000) detected at line 3792
 []


Underfull \vbox (badness 10000) detected at line 3792
 []



[82]
Overfull \vbox (2.98596pt too high) detected at line 3900
 []



[83]
Underfull \vbox (badness 10000) detected at line 3900
 []


Underfull \vbox (badness 10000) detected at line 3900
 []



[84]
Underfull \vbox (badness 10000) detected at line 3900
 []


Underfull \vbox (badness 10000) detected at line 3900
 []



[85]
File: c70094eed05c6164fce68729b8f9bcef128468fd78919de8f08bd52186e600bb.png Grap
hic file (type bmp)
<c70094eed05c6164fce68729b8f9bcef128468fd78919de8f08bd52186e600bb.png>
File: aa3cce40eb41f523518a1fb417ecf047edff9745a2350f8ad8d0072a15172f88.png Grap
hic file (type bmp)
<aa3cce40eb41f523518a1fb417ecf047edff9745a2350f8ad8d0072a15172f88.png>


[86]
File: 783efe82ec6d705173c05fe8c4d445fce3acb624a209b4ac1ef8bc265e7da2f5.png Grap
hic file (type bmp)
<783efe82ec6d705173c05fe8c4d445fce3acb624a209b4ac1ef8bc265e7da2f5.png>


[87]

[88]
Overfull \hbox (40.23936pt too wide) detected at line 4033
[]
 []


Overfull \hbox (20.0pt too wide) detected at line 4033
[]
 []



[89]
Overfull \hbox (41.79936pt too wide) detected at line 4035
[]
 []


Overfull \hbox (20.0pt too wide) detected at line 4035
[]
 []

File: 4c051e9b58c4593d0c8c2d1d1caa979a7fd2b4fb597f7e145841123f9ae7fa9f.png Grap
hic file (type bmp)
<4c051e9b58c4593d0c8c2d1d1caa979a7fd2b4fb597f7e145841123f9ae7fa9f.png>


[90]

[91]
File: 995e51d4409e004714e5747fe4937f045b310f6115c78cb25f5fd160b2757722.png Grap
hic file (type bmp)
<995e51d4409e004714e5747fe4937f045b310f6115c78cb25f5fd160b2757722.png>


[92]
File: a396b2132103876d3a95fc6bba87637f6e09d01f82387129bfdbaab6722d6a8a.png Grap
hic file (type bmp)
<a396b2132103876d3a95fc6bba87637f6e09d01f82387129bfdbaab6722d6a8a.png>


[93]

[94]
Chapter 6.

Underfull \hbox (badness 10000) in paragraph at lines 4218--4226
\TU/FreeSerif(0)/m/n/10 We use the dispersed barrier model (CITE 33) to determi
ne the increase in the yield strength of
 []


Underfull \hbox (badness 10000) in paragraph at lines 4218--4226
\TU/FreeSerif(0)/m/n/10 F82H. The model gives: $$[][][] [] [][]$$[][][][][]$C$[
][][]$\Phi_0$[][][][][][][][][][][][][][][][][][][]$\Delta
 []


Overfull \hbox (326.96484pt too wide) in paragraph at lines 4218--4226
\TU/FreeSerif(0)/m/n/10 \sigma_y^d$[][][][][][][][][][][][][][][][][][][][][][]
[][][][][][][][][][][][][][][][][][][][][][][][][][][][][][][][][][][][][][][][
][][][][][][][][][][][][][][][][][][][]$\Phi$[][][][][][][][][][][][][][][][][]
[][][][][][][][][][]$C$[][][][][][][][][][][][][][][][][][][][][][][][][][][][]
[][][][][][][][][][][][][][] []
 []


Overfull \hbox (286.69174pt too wide) in paragraph at lines 4218--4226
[][][][][][][][][][][][][][][][][][][][][][][][][][][][][][][][][][][][][][][][
][][][][][][][][][][][][][][][][][][][][][][][][][][][][][][][][][][][][][][][]
[][][][][][][][][][][][][][][][][][][][][][][][][][][][][][][][][][][][][][][][
][][][][][][][][][][][][][][][][][][][][][][][][] [][][][][][][][][][][][] []
 []


Overfull \hbox (164.90663pt too wide) in paragraph at lines 4218--4226
[][][][][][][][][][][][][][][][][][][][][][][][][][] [] [][][][][][][][][][][][
][] []$$[][][] [] [][][][][]$$[][][][][][][][][][][][][][][][][][][] [][][][][]
[][][][][][][]$\TU/FreeSerif(0)/m/n/10 C(T)$[][][][][][][][][][] []$C_d\exp\lef
t(-
 []


Overfull \hbox (22.88242pt too wide) in paragraph at lines 4218--4226
\TU/FreeSerif(0)/m/n/10 \nu\exp\left[-\frac{\Gamma}{kT} \right]\right)$[][][][]
[][][][][][][][][][][][][][] [][][][][][][][][][][][][][][][][][][][][][][][][]
[][][][][][][][][][] [][][]$$[][][] []
 []


Underfull \hbox (badness 7047) in paragraph at lines 4349--4353
[][][] [] [][][][][]$$[][][][][][][][][][][][][][][][][][][][][][][][][][][][][
][][][][][][][][][][][][][][][][][][][][][] []$\TU/FreeSerif(0)/m/n/10 a_1$[]
 []


Overfull \hbox (182.13922pt too wide) in paragraph at lines 4349--4353
[][][][][][][]$\TU/FreeSerif(0)/m/n/10 b_1$[] [][][]$A_{He}$[] [][][]$c_1$[] []
[][][][][][][] [][][][][]$\Delta \sigma_{He}$[][][][][][][][][][][][][][][][][]
[]$A_{He}$[][][][][][][][][][][][][][][][][][][][][][][][][][][][][][][][][][][
][][][][][][][]$$[][] []
 []



[95

]
Underfull \vbox (badness 10000) detected at line 4416
 []



[96]
File: 96524e91ccdf9cfe5c87c556977b14c6d1c8f1e3c66bb94ef7207a08d0b53a14.png Grap
hic file (type bmp)
<96524e91ccdf9cfe5c87c556977b14c6d1c8f1e3c66bb94ef7207a08d0b53a14.png>


[97]
Overfull \vbox (1.37798pt too high) detected at line 4528
 []



[98]
Overfull \vbox (2.98596pt too high) detected at line 4569
 []



[99]
File: 3d9c254959a56632ef7e54ceec498f58c830f1a20613e65488b6516c78253687.png Grap
hic file (type bmp)
<3d9c254959a56632ef7e54ceec498f58c830f1a20613e65488b6516c78253687.png>

Overfull \vbox (1.63431pt too high) detected at line 4610
 []



[100]
File: e7f3173a9dc01dc3490d293878ecee47fcc669ef84c8e6f647bd5426ce4fb432.png Grap
hic file (type bmp)
<e7f3173a9dc01dc3490d293878ecee47fcc669ef84c8e6f647bd5426ce4fb432.png>

Overfull \vbox (1.63431pt too high) detected at line 4655
 []



[101]
File: 92840d252d88a1044529e00a2d3efad2192a1d7c5c877c44aa5be0fde4c66350.png Grap
hic file (type bmp)
<92840d252d88a1044529e00a2d3efad2192a1d7c5c877c44aa5be0fde4c66350.png>


[102]

[103]
Overfull \hbox (10.45009pt too wide) detected at line 4757
[]
 []


Overfull \hbox (20.0pt too wide) detected at line 4757
[]
 []


Overfull \hbox (12.01009pt too wide) detected at line 4759
[]
 []


Overfull \hbox (20.0pt too wide) detected at line 4759
[]
 []

File: 5a76ce76ed6c1207c2c54e2be8bf78ad0b82a24b80b5f2a01244e6cc27a6fea1.png Grap
hic file (type bmp)
<5a76ce76ed6c1207c2c54e2be8bf78ad0b82a24b80b5f2a01244e6cc27a6fea1.png>


[104]
Underfull \vbox (badness 10000) detected at line 4847
 []


Underfull \vbox (badness 10000) detected at line 4847
 []



[105]
File: f755a399b231add2b78c4514ec28c1ad26d6b30e08bf5071be0ba73782969b53.png Grap
hic file (type bmp)
<f755a399b231add2b78c4514ec28c1ad26d6b30e08bf5071be0ba73782969b53.png>


[106]
Overfull \hbox (446.45674pt too wide) in paragraph at lines 4871--4879
[][][][][][][][][][][][][][]$\TU/FreeSerif(0)/m/n/10 \sigma_y$[]$\sigma_u$[] []
[][]$\varepsilon_u$[][][][][][][][][][][][][][][][][][][][][][] [][][] [][][][]
[][] [][][][][][][][][][][][][][][][][][][][][] [][][][][][][][][][][][][][][][
][][][][][][][][][][][][][][][][][][][][][][][][][][][][][][][][][][][][][][][]
[][][][][][][][][][][][][][][][][][][][][][] []$$[][][][][] [][][][] []
 []


Overfull \hbox (22.43797pt too wide) in paragraph at lines 4871--4879
[]$$[][][][][][][][][][][][][][][][][][][][][][][][][][][][][][][][][][][][][][
][][][][][][][][][][][][][][][][][][][][][][][][][][][][][][][][][][][][][][][]
[][][][][] []
 []


Overfull \hbox (52.52855pt too wide) in paragraph at lines 4871--4879
[][] [] [][][][][][][][][][][][][][][][][][][][][][][][][][][][][][][][][][][][
][][][][][][][][][][] [][][][][][][][][][][][][][][][][][][][][][][][][][][][][
][][][][][][][][][][][] [][][][][][][][][] []$$[][] []
 []



[107]
File: f3ea18a33d63477c3e4854e8f0fce40d23c817ea0b642d6a66383d75ef8e04db.png Grap
hic file (type bmp)
<f3ea18a33d63477c3e4854e8f0fce40d23c817ea0b642d6a66383d75ef8e04db.png>


[108]
File: 12e85541af13700f6704877c1e56755a284ff9d7f15b278689457c59cc5df803.png Grap
hic file (type bmp)
<12e85541af13700f6704877c1e56755a284ff9d7f15b278689457c59cc5df803.png>


[109]
Overfull \hbox (750.29556pt too wide) in paragraph at lines 4973--4981
[][][][][] [][][][][][][][][][][][][]$$[][][][][][][][][][][][][][][][][][][][]
[][][][][][][][][][][][][][][][][][][][][][][][][][][][][][][][][][][][][][][][
][][][][][][][][][][][][][][][][][][][][][][][][][][][][][][][][][][][][][][][]
[][][][][][][][][][][][][][][][][][][][][][][][][][][][][][][][][][][][][][][][
][][][][][][][][][][][][][][][][][][][][][][][][][][][][][][][][][][][][][][][]
[][][][][][][][][][][][][][][][][][][][][][][][][][][][][][][][][][][][][][][][
][][][] []$$[][] []
 []


Overfull \hbox (427.9627pt too wide) in paragraph at lines 4973--4981
[][][][][][] [] [][][][][][] [][][][][][][][][][][][][]$$[][][][][][][][][][][]
[][][][][][][][][][][][][][][][][][][][][][][][][][][][][][][][][][][][][][][][
][][][][][][][][][][][][][][][][][][][][][][][][][][][][][][][][][][][][][][][]
[][][][][][][][][][][][][][][][][][][][][][][][][][][][][][][][][][][][][][][][
][][][][][][][][][][][][][][][][][] []$$[][] []
 []



[110]
File: 88ab5f7cf40bb10b93d81dbf6da59a40114d59d4c12dc8145c67faed3651d44d.png Grap
hic file (type bmp)
<88ab5f7cf40bb10b93d81dbf6da59a40114d59d4c12dc8145c67faed3651d44d.png>

Overfull \vbox (2.03082pt too high) detected at line 5076
 []



[111]
File: ccd15ebdc8d829f063ea60a1cefb40f1345ad908ba7b8b6dd94b6831149558d5.png Grap
hic file (type bmp)
<ccd15ebdc8d829f063ea60a1cefb40f1345ad908ba7b8b6dd94b6831149558d5.png>


[112]
File: 098e0cdfbf736ee42850e3e2f0ef375eb4167a18a763b73539f2620e4079e981.png Grap
hic file (type bmp)
<098e0cdfbf736ee42850e3e2f0ef375eb4167a18a763b73539f2620e4079e981.png>


[113]

[114]
File: dc3832d6c2120bb9da83dc69886b9838e4ad1fe49e15aa18c1534b0f33150439.png Grap
hic file (type bmp)
<dc3832d6c2120bb9da83dc69886b9838e4ad1fe49e15aa18c1534b0f33150439.png>
File: f8de18bfc42440b8b63128fddf817c83111de044501faec966d6744b08082edd.png Grap
hic file (type bmp)
<f8de18bfc42440b8b63128fddf817c83111de044501faec966d6744b08082edd.png>


[115]
File: ea75209183e202df97be4f7ddd0063fcc00f8515be6172ea76028bb3580a7bdb.png Grap
hic file (type bmp)
<ea75209183e202df97be4f7ddd0063fcc00f8515be6172ea76028bb3580a7bdb.png>
File: 0dc80c7348fb66ce1f47ba83991ee5a1a9d658216a93ae2214dd39beaee900f4.png Grap
hic file (type bmp)
<0dc80c7348fb66ce1f47ba83991ee5a1a9d658216a93ae2214dd39beaee900f4.png>


[116]
LaTeX Font Info:    Font shape `TU/latinmodern-math.otf(2)/b/n' will be
(Font)              scaled to size 10.00107pt on input line 5212.
LaTeX Font Info:    Font shape `TU/latinmodern-math.otf(2)/b/n' will be
(Font)              scaled to size 7.00075pt on input line 5212.
LaTeX Font Info:    Font shape `TU/latinmodern-math.otf(2)/b/n' will be
(Font)              scaled to size 5.00053pt on input line 5212.
LaTeX Font Info:    Font shape `TU/latinmodern-math.otf(3)/b/n' will be
(Font)              scaled to size 9.99893pt on input line 5212.
LaTeX Font Info:    Font shape `TU/latinmodern-math.otf(3)/b/n' will be
(Font)              scaled to size 6.99925pt on input line 5212.
LaTeX Font Info:    Font shape `TU/latinmodern-math.otf(3)/b/n' will be
(Font)              scaled to size 4.99947pt on input line 5212.

Underfull \hbox (badness 10000) in paragraph at lines 5211--5222
\TU/FreeSerif(0)/m/n/10 silon_{11}^{\text{s}}&=&\varepsilon_{22}^{\text{s}}=\va
repsilon_{33}^{\text{s}}=\frac{1}{3}S \end{eqnarray}
 []


Overfull \hbox (195.10536pt too wide) in paragraph at lines 5211--5222
[]$$[][][][][]$\TU/FreeSerif(0)/m/n/10 \boldsymbol{C}$[][][][][][][][][][][][][
][][][][][][][][][][][][][][][][][][][][][][][][][][][][][][][][][][][][][][][]
[][][][][][][][][][][][][][][][][][][][][][][][][][][][][][][][][][][][][][][][
][][][]$\Phi,
 []



[117]

[118]

[119]
Overfull \hbox (73.44365pt too wide) detected at line 5368
[]
 []


Overfull \hbox (20.0pt too wide) detected at line 5368
[]
 []


Overfull \hbox (206.88364pt too wide) detected at line 5370
[]
 []


Overfull \hbox (20.0pt too wide) detected at line 5370
[]
 []


Overfull \hbox (208.57364pt too wide) detected at line 5372
[]
 []


Overfull \hbox (20.0pt too wide) detected at line 5372
[]
 []

File: 63881b7900c8aea9499d599bc803689b43753d2d54448661b5651874aa0f315c.png Grap
hic file (type bmp)
<63881b7900c8aea9499d599bc803689b43753d2d54448661b5651874aa0f315c.png>


[120]
Overfull \vbox (2.98596pt too high) detected at line 5444
 []



[121]

[122]
File: a59bb352a70e670b16a355a40ba6a9c4e87c5900a2935395451eaad73f72882e.png Grap
hic file (type bmp)
<a59bb352a70e670b16a355a40ba6a9c4e87c5900a2935395451eaad73f72882e.png>


[123]
File: ee527d82170ecbacf772b8179bcb2c7eadeb155d0b3c20883d602942289f662d.png Grap
hic file (type bmp)
<ee527d82170ecbacf772b8179bcb2c7eadeb155d0b3c20883d602942289f662d.png>

Underfull \hbox (badness 10000) in paragraph at lines 5540--5544
[][][][][][][]$$[][][][][]$\TU/FreeSerif(0)/m/n/10 S_0$[][][][][][][][][][][][]
 [] [][][][][][][][][][][][][][][][][][][][][][][][][][][][][][][][][][][][][][
][][] [][][]$B(T)$[][][][][][][][][][][][][][] []
 []


Overfull \hbox (452.55167pt too wide) in paragraph at lines 5540--5544
[][][][][][][][][][][][][][][][][][][][][][][][][][][][][][][][][][][][][][][]$
\TU/FreeSerif(0)/m/n/10 B(T)$[][][][][][][][][][][][][][][][][][] [] [][][][][]
[][][][][][][][][][][][][][][][][][][][][][][][][][][][][][][][][][][][][][][][
][][][][][][][][][] [][][][][][][][][][][][][][][][][][][][][][][][][][][][][][
][][][][][][][][][][][][][][][][][][][][][][][][][][][][][]$B(T)=2\times
 []



[124]
Underfull \hbox (badness 10000) in paragraph at lines 5566--5573
\TU/FreeSerif(0)/m/n/10 T_{DBTT}^0(\Phi,T)\ K_L^(\Phi)&=&(1-B)\exp(-\Phi/\Phi_0
)+B)K_L^0\ K_U(\Phi)&=&((1-B)\exp(-
 []



[125]
Underfull \vbox (badness 10000) detected at line 5723
 []


Underfull \vbox (badness 10000) detected at line 5723
 []



[126]
File: d9088538930889330931df4be735089f45e08fcc5b497da046541ea0ca003fad.png Grap
hic file (type bmp)
<d9088538930889330931df4be735089f45e08fcc5b497da046541ea0ca003fad.png>


[127]
Underfull \vbox (badness 1968) detected at line 5815
 []



[128]
File: 417456fd70af12500187085067e68ac7078e9bd0ccb1a51590e1a2992adb433f.png Grap
hic file (type bmp)
<417456fd70af12500187085067e68ac7078e9bd0ccb1a51590e1a2992adb433f.png>


[129]
Underfull \vbox (badness 1968) detected at line 5862
 []



[130]
File: 8c9a5ebf130213fb1619eeb8fed5dab42531d25fc33348b060571b04baacf8fe.png Grap
hic file (type bmp)
<8c9a5ebf130213fb1619eeb8fed5dab42531d25fc33348b060571b04baacf8fe.png>

Underfull \hbox (badness 6708) in paragraph at lines 5886--5890
\TU/FreeSerif(0)/m/n/10 The first suggestion for a correlation between swelling
 and creep was made by Foster et al. based
 []


Underfull \hbox (badness 10000) in paragraph at lines 5886--5890
\TU/FreeSerif(0)/m/n/10 on residual stress measurements in fuel pin cladding of
 type AISI 304 SS and on experiments
 []


Underfull \hbox (badness 6893) in paragraph at lines 5886--5890
\TU/FreeSerif(0)/m/n/10 with pressurized tubes. Foster et al. derived the follo
wing empirical equation: $$[] [] [][] []
 []


Overfull \hbox (90.98473pt too wide) in paragraph at lines 5886--5890
[][][][]$$[][][][][]$\TU/FreeSerif(0)/m/n/10 \Phi$[][][][][][][][][][][][][][][
][][][][][][][][][][]$e(T,\Phi)$[][][][][][][][][][][][][][][][][][][][]$K$[][]
[][][][][][][][][][][][][][][][][][][][][][][][][][][][][][] [][][]$D$[][][][][
][][][][][][] []
 []



[131]

[132]
Overfull \vbox (2.98596pt too high) detected at line 6109
 []



[133]
File: e7da0fc398cdb8dd0087ce0613c038a3e14f6ca11eee12514b8e6edb622a7dc9.png Grap
hic file (type bmp)
<e7da0fc398cdb8dd0087ce0613c038a3e14f6ca11eee12514b8e6edb622a7dc9.png>


[134]
Underfull \hbox (badness 10000) in paragraph at lines 6122--6142
[]\TU/FreeSerif(0)/m/n/10 \begin{eqnarray} \sigma_y^{un}(T)&=&960.9-2.716T+0.00
496T^2-3.112e-6T^3\ \sigma_u^{un}(T)&=&1065-
 []


Underfull \hbox (badness 10000) in paragraph at lines 6122--6142
\TU/FreeSerif(0)/m/n/10 2.468T+0.004087T^2-2.575\times 10^{-6}T^3\ \varepsilon_
u^{un}(T)&=&7.393-0.002602T-1.649\times
 []


Underfull \hbox (badness 10000) in paragraph at lines 6122--6142
\TU/FreeSerif(0)/m/n/10 10^{-6}T^2+1.282\times 10^{-8}T^3\ \Delta\sigma_y(T,dpa
)&=&\sqrt{(1-exp(-dpa/9.992))}(3700-
 []


Underfull \hbox (badness 10000) in paragraph at lines 6122--6142
\TU/FreeSerif(0)/m/n/10 7.9T+0.0039T^2)\ \Delta\sigma_{He}(x)&=&\max((-233.5+17
.33\sqrt{x})\sqrt{1-exp(- x/0.02922)},0)\
 []


Underfull \hbox (badness 10000) in paragraph at lines 6122--6142
\TU/FreeSerif(0)/m/n/10 C(T)&=& 0.01\varepsilon_u^{un}(T)/ (1-\sigma_y^{un}(T)/
\sigma_u^{un}(T))\ \sigma_y^{irr}(T,dpa)&=&
 []


Underfull \hbox (badness 10000) in paragraph at lines 6122--6142
\TU/FreeSerif(0)/m/n/10 \sigma_y^{un}(T)+\Delta\sigma_y(T,dpa)+\Delta\sigma_{He
}(x)\ \sigma_u^{irr}(T,dpa)&=&
 []


Underfull \hbox (badness 10000) in paragraph at lines 6122--6142
\TU/FreeSerif(0)/m/n/10 \sigma_y^{irr}(T,dpa)/(1-0.01\varepsilon_u^{un}(T)/C(T)
)\ \varepsilon_{tot}^{irr}(T,dpa)&=&
 []


Underfull \hbox (badness 10000) in paragraph at lines 6122--6142
\TU/FreeSerif(0)/m/n/10 \max( 0.01(1.066-0.004282dpa-0.0001004dpa^2)\ &&\times
(62.09-0.2306T+0.0003032T^2-
 []


Underfull \hbox (badness 10000) in paragraph at lines 6122--6142
\TU/FreeSerif(0)/m/n/10 1.082\times 10^{-7}T^3),0.01)\ C(T,dpa)&=& 100\ln(1+\va
repsilon_{tot}^{irr}(T,dpa))\ B(T,dpa)&=&
 []


Underfull \hbox (badness 10000) in paragraph at lines 6122--6142
\TU/FreeSerif(0)/m/n/10 2.5(1+\varepsilon_{tot}^{irr}(T,dpa))\sigma_u^{irr}(T,d
pa)\times 10^8/E(T)\ b&=&-0.06\ c&=&-0.63\
 []


Underfull \hbox (badness 10000) in paragraph at lines 6122--6142
\TU/FreeSerif(0)/m/n/10 \Delta\varepsilon_e(T,dpa,N)/2&=& B(T,dpa)N^b\ \Delta\v
arepsilon_p(T,dpa,N)/2&=& C(T,d)N^c\
 []


Underfull \hbox (badness 10000) in paragraph at lines 6122--6142
\TU/FreeSerif(0)/m/n/10 \Delta\varepsilon_{tot}(T,dpa,N)/2&=&\Delta\varepsilon_
e(T,dpa,N)/2+\Delta\varepsilon_p(T,dpa,N)/2
 []


Overfull \vbox (2.55798pt too high) detected at line 6186
 []



[135]
Overfull \vbox (2.98596pt too high) detected at line 6217
 []



[136]
File: 9811fe59624617fd81a76be156524c85d252bda831f068d89263b215f2f83f4b.png Grap
hic file (type bmp)
<9811fe59624617fd81a76be156524c85d252bda831f068d89263b215f2f83f4b.png>
File: 12bf8efa8f3c35a583dcee365f38c01e6fe91fa5149107aac2446945357ab8e9.png Grap
hic file (type bmp)
<12bf8efa8f3c35a583dcee365f38c01e6fe91fa5149107aac2446945357ab8e9.png>


[137]
File: 4e3b7f5d8999305c67cd43214f213e8114f6e4436d7cc376fdce5dc5615a2b76.png Grap
hic file (type bmp)
<4e3b7f5d8999305c67cd43214f213e8114f6e4436d7cc376fdce5dc5615a2b76.png>


[138]
File: 97862dad689f3374d471d560f4a87028904e7b9ab21bb98960d2e5928aa08c4a.png Grap
hic file (type bmp)
<97862dad689f3374d471d560f4a87028904e7b9ab21bb98960d2e5928aa08c4a.png>

No file book.ind.


[139] (book.aux)
 ***********
LaTeX2e <2024-06-01> patch level 1
L3 programming layer <2024-05-27>
 ***********
Package rerunfilecheck Info: File `book.out' has not changed.
(rerunfilecheck)             Checksum: 74691417AE5217779ED9DB6717A1E0C6;3850.
 ) 
Here is how much of TeX's memory you used:
 44842 strings out of 409050
 1051251 string characters out of 5757215
 3340560 words of memory out of 5000000
 66699 multiletter control sequences out of 15000+600000
 565006 words of font info for 125 fonts, out of 8000000 for 9000
 1349 hyphenation exceptions out of 8191
 99i,20n,116p,2415b,2323s stack positions out of 10000i,1000n,20000p,200000b,200000s

Output written on book.pdf (143 pages).
